#
# A fatal error has been detected by the Java Runtime Environment:
#
#  EXCEPTION_ACCESS_VIOLATION (0xc0000005) at pc=0x00007ffb6d2cf141, pid=20904, tid=14208
#
# JRE version: Java(TM) SE Runtime Environment (25.0.2+10) (build 25.0.2+10-LTS-69)
# Java VM: Java HotSpot(TM) 64-Bit Server VM (25.0.2+10-LTS-69, mixed mode, sharing, tiered, compressed oops, compressed class ptrs, g1 gc, windows-amd64)
# Problematic frame:
# C  [awt.dll+0xdf141]
#
# No core dump will be written. Minidumps are not enabled by default on client versions of Windows
#
# If you would like to submit a bug report, please visit:
#   https://bugreport.java.com/bugreport/crash.jsp
# The crash happened outside the Java Virtual Machine in native code.
# See problematic frame for where to report the bug.
#

---------------  S U M M A R Y ------------

Command Line: -javaagent:C:\Program Files\JetBrains\IntelliJ IDEA 2025.3.2\lib\idea_rt.jar=54438 -Dfile.encoding=UTF-8 -Dsun.stdout.encoding=UTF-8 -Dsun.stderr.encoding=UTF-8 Main

Host: 11th Gen Intel(R) Core(TM) i5-1135G7 @ 2.40GHz, 8 cores, 7G,  Windows 11 , 64 bit Build 26100 (10.0.26100.7920)
Time: Tue May 12 09:03:48 2026 Hora oficial do Brasil elapsed time: 39.211536 seconds (0d 0h 0m 39s)

---------------  T H R E A D  ---------------

Current thread (0x0000019b979f5e50):  JavaThread "AWT-Windows" daemon [_thread_in_native, id=14208, stack(0x0000000272600000,0x0000000272700000) (1024K)]

Stack: [0x0000000272600000,0x0000000272700000],  sp=0x00000002726fe9b0,  free space=1018k
Native frames: (J=compiled Java code, j=interpreted, Vv=VM code, C=native code)
C  [awt.dll+0xdf141]  (no source info available)
C  [awt.dll+0x98b2c]  (no source info available)
C  [awt.dll+0x98bd6]  (no source info available)
C  [awt.dll+0x95f59]  (no source info available)
C  [awt.dll+0xe386b]  (no source info available)
C  [awt.dll+0xb2f7d]  (no source info available)
C  [awt.dll+0x99110]  (no source info available)
C  [USER32.dll+0xc396]  (no source info available)
C  [USER32.dll+0xbe5c]  (no source info available)
C  [awt.dll+0x16613]  (no source info available)
C  [COMCTL32.dll+0x2cec8]  (no source info available)
C  [COMCTL32.dll+0x2cc9f]  (no source info available)
C  [USER32.dll+0xc396]  (no source info available)
C  [USER32.dll+0xa7ed]  (no source info available)
C  [awt.dll+0xd84ce]  (no source info available)
C  [awt.dll+0xda3f2]  (no source info available)
C  0x0000019b8fd0d293  (no source info available)

The last pc belongs to native method entry point (kind = native) (printed below).
Java frames: (J=compiled Java code, j=interpreted, Vv=VM code)
j  sun.awt.windows.WToolkit.eventLoop()V+0 java.desktop@25.0.2
j  sun.awt.windows.WToolkit.run()V+56 java.desktop@25.0.2
j  java.lang.Thread.runWith(Ljava/lang/Object;Ljava/lang/Runnable;)V+5 java.base@25.0.2
j  java.lang.Thread.run()V+19 java.base@25.0.2
v  ~StubRoutines::call_stub 0x0000019b8fd012ed

siginfo: EXCEPTION_ACCESS_VIOLATION (0xc0000005), reading address 0x0000000000000008


Registers:
RAX=0x0000000000000000, RBX=0x0000019b9c50e0d0, RCX=0x0000000000000000, RDX=0x0000000000000000
RSP=0x00000002726fe9b0, RBP=0x00000002726feac9, RSI=0x000000006a010d60, RDI=0x0000000000000000
R8 =0x0000000000000001, R9 =0x0000000270af0000, R10=0x0000000000000000, R11=0x0000000000000246
R12=0x0000000000000000, R13=0x0000000000000001, R14=0x0000019b9c46c670, R15=0x0000000000000000
RIP=0x00007ffb6d2cf141, EFLAGS=0x0000000000010246

XMM[0]=0x0000000000000000 0x0000000000000000
XMM[1]=0x0000000000000000 0x0000000000000000
XMM[2]=0x0000000000000000 0x0000000000000000
XMM[3]=0x0000000000000000 0x0000000000000000
XMM[4]=0x0000000000000000 0x0000000000000000
XMM[5]=0x0000000000000000 0x0000000000000000
XMM[6]=0x0000000000000000 0x0000000000000000
XMM[7]=0x0000000000000000 0x0000000000000000
XMM[8]=0x0000000000000000 0x0000000000000000
XMM[9]=0x0000000000000000 0x0000000000000000
XMM[10]=0x0000000000000000 0x0000000000000000
XMM[11]=0x0000000000000000 0x0000000000000000
XMM[12]=0x0000000000000000 0x0000000000000000
XMM[13]=0x0000000000000000 0x0000000000000000
XMM[14]=0x0000000000000000 0x0000000000000000
XMM[15]=0x0000000000000000 0x0000000000000000
  MXCSR=0x00001fa0


Register to memory mapping:

RAX=0x0 is null
RBX=0x0000019b9c50e0d0 points into unknown readable memory: 0x0000019b979cfde0 | e0 fd 9c 97 9b 01 00 00
RCX=0x0 is null
RDX=0x0 is null
RSP=0x00000002726fe9b0 is pointing into the stack for thread: 0x0000019b979f5e50
RBP=0x00000002726feac9 is pointing into the stack for thread: 0x0000019b979f5e50
RSI=0x000000006a010d60 is an unknown value
RDI=0x0 is null
R8 =0x0000000000000001 is an unknown value
R9 =0x0000000270af0000 points into unknown readable memory: 0x0000000000000000 | 00 00 00 00 00 00 00 00
R10=0x0 is null
R11=0x0000000000000246 is an unknown value
R12=0x0 is null
R13=0x0000000000000001 is an unknown value
R14=0x0000019b9c46c670 points into unknown readable memory: 0x00007ffb6d2fe930 | 30 e9 2f 6d fb 7f 00 00
R15=0x0 is null

Top of Stack: (sp=0x00000002726fe9b0)
0x00000002726fe9b0:   00007ffb6d32c838 000000006a010d60   8.2m....`..j....
0x00000002726fe9c0:   0000019b9c46c670 0000019b979f6298   p.F......b......
0x00000002726fe9d0:   0000000000000000 00007ffb6d288b2c   ........,.(m....
0x00000002726fe9e0:   000000006a010d60 0000019b9c46c670   `..j....p.F.....
0x00000002726fe9f0:   0000019b9c50e0d0 00007ffb6d206613   ..P......f m....
0x00000002726fea00:   0000019b979f6298 00007ffb6d288bd6   .b........(m....
0x00000002726fea10:   0000019b9c46c710 0000000000000001   ..F.............
0x00000002726fea20:   0000000000000000 0000019bf6986e20   ........ n......
0x00000002726fea30:   0000019b979f6298 00007ffb6d285f59   .b......Y_(m....
0x00000002726fea40:   0000019b9c46c710 00000002726feb24   ..F.....$.or....
0x00000002726fea50:   0000000000000000 0000000000000000   ................
0x00000002726fea60:   00007ffb6d2890b0 00007ffb8a9fa46e   ..(m....n.......
0x00000002726fea70:   00007ffb7f7f9000 00007ffb8950d359   ........Y.P.....
0x00000002726fea80:   0000000200000310 0000000000000000   ................
0x00000002726fea90:   00000002726feb24 0000000000000000   $.or............
0x00000002726feaa0:   0000000000000000 0000000000000000   ................
0x00000002726feab0:   0000019b9c46c710 0000019b979f6298   ..F......b......
0x00000002726feac0:   0000000000000000 0000000000000000   ................
0x00000002726fead0:   000061d36745db43 0000000000000000   C.Eg.a..........
0x00000002726feae0:   0000000000000000 0000000000000000   ................
0x00000002726feaf0:   0000000000000000 0000000000000000   ................
0x00000002726feb00:   0000000000000000 0000000000000310   ................
0x00000002726feb10:   0000000000000000 0000019b9c46c670   ........p.F.....
0x00000002726feb20:   0000019b9c46c670 00007ffb6d2d386b   p.F.....k8-m....
0x00000002726feb30:   0000000000000000 0000226a8403fa28   ........(...j"..
0x00000002726feb40:   000037c4707231e1 0000000000000022   .1rp.7..".......
0x00000002726feb50:   000000000000c1b0 0000000000000000   ................
0x00000002726feb60:   0000000000000000 00007ffb894dc569   ........i.M.....
0x00000002726feb70:   0000000000000000 0000000000000001   ................
0x00000002726feb80:   0000000000000022 00007ffb8a9ea6af   "...............
0x00000002726feb90:   00000000000f05be 00007ffb894dd7ba   ..........M.....
0x00000002726feba0:   ffffffffffffffeb 000061d36745da33   ........3.Eg.a..

Instructions: (pc=0x00007ffb6d2cf141)
  0x00007ffb6d2cf041:   83 ec 28 66 0f 6e c2 0f 5b c0 f3 0f 59 41 48 0f
  0x00007ffb6d2cf051:   5a c8 f2 0f 10 05 dd 3b 03 00 f2 0f 5c 0d e5 3b
  0x00007ffb6d2cf061:   01 00 66 0f 2f c1 76 0a b8 00 00 00 80 48 83 c4
  0x00007ffb6d2cf071:   28 c3 66 0f 2f 0d 55 85 02 00 76 0a b8 ff ff ff
  0x00007ffb6d2cf081:   7f 48 83 c4 28 c3 0f 28 c1 e8 9b 07 01 00 f2 0f
  0x00007ffb6d2cf091:   2c c0 48 83 c4 28 c3 cc cc cc cc cc cc cc cc 48
  0x00007ffb6d2cf0a1:   83 ec 28 66 0f 6e c2 0f 5b c0 f3 0f 59 41 4c 0f
  0x00007ffb6d2cf0b1:   5a c8 f2 0f 10 05 7d 3b 03 00 f2 0f 5c 0d 85 3b
  0x00007ffb6d2cf0c1:   01 00 66 0f 2f c1 76 0a b8 00 00 00 80 48 83 c4
  0x00007ffb6d2cf0d1:   28 c3 66 0f 2f 0d f5 84 02 00 76 0a b8 ff ff ff
  0x00007ffb6d2cf0e1:   7f 48 83 c4 28 c3 0f 28 c1 e8 3b 07 01 00 f2 0f
  0x00007ffb6d2cf0f1:   2c c0 48 83 c4 28 c3 cc cc cc cc cc cc cc cc 48
  0x00007ffb6d2cf101:   8b 49 08 48 85 c9 0f 85 63 78 fe ff 33 c0 c3 48
  0x00007ffb6d2cf111:   89 5c 24 08 48 89 74 24 10 57 48 83 ec 20 8b fa
  0x00007ffb6d2cf121:   48 8b f1 e8 87 92 f4 ff 48 8b d8 48 89 44 24 40
  0x00007ffb6d2cf131:   41 b8 01 00 00 00 8b d7 48 8b c8 e8 df 91 f4 ff
=>0x00007ffb6d2cf141:   48 8b 48 08 48 85 c9 74 0d 48 8b d6 e8 1e 78 fe
  0x00007ffb6d2cf151:   ff 48 8b f8 eb 02 33 ff 48 8b cb e8 0f 94 f4 ff
  0x00007ffb6d2cf161:   90 48 8b c7 48 8b 5c 24 30 48 8b 74 24 38 48 83
  0x00007ffb6d2cf171:   c4 20 5f c3 cc cc cc cc cc cc cc cc cc cc cc 48
  0x00007ffb6d2cf181:   8b 01 89 10 c3 cc cc cc cc cc cc cc cc cc cc 40
  0x00007ffb6d2cf191:   57 48 83 ec 40 48 83 79 38 00 48 8b f9 0f 84 b9
  0x00007ffb6d2cf1a1:   01 00 00 48 8b 0d 55 9d 06 00 ba 02 00 01 00 48
  0x00007ffb6d2cf1b1:   89 5c 24 58 48 89 74 24 68 e8 00 cf 00 00 4c 8b
  0x00007ffb6d2cf1c1:   05 82 a2 06 00 48 8b c8 48 8b 57 38 48 8b d8 4c
  0x00007ffb6d2cf1d1:   8b 08 4d 8b 91 f8 02 00 00 41 ff d2 48 8b f0 48
  0x00007ffb6d2cf1e1:   85 c0 0f 84 6a 01 00 00 48 8b 0b 48 8b d0 4c 8b
  0x00007ffb6d2cf1f1:   05 42 a2 06 00 4c 8b 89 00 01 00 00 48 8b cb 41
  0x00007ffb6d2cf201:   ff d1 84 c0 0f 84 48 01 00 00 48 8b 03 48 8b d6
  0x00007ffb6d2cf211:   48 8b 7f 08 48 8b cb 4c 8b 05 31 a2 06 00 48 81
  0x00007ffb6d2cf221:   c7 00 04 00 00 48 89 6c 24 60 4c 8b 88 f8 02 00
  0x00007ffb6d2cf231:   00 4c 89 64 24 38 41 ff d1 48 8b 0b 48 8b d6 4c


Stack slot to memory mapping:

stack at sp + 0 slots: 0x00007ffb6d32c838 awt.dll
stack at sp + 1 slots: 0x000000006a010d60 is an unknown value
stack at sp + 2 slots: 0x0000019b9c46c670 points into unknown readable memory: 0x00007ffb6d2fe930 | 30 e9 2f 6d fb 7f 00 00
stack at sp + 3 slots: 0x0000019b979f6298 points into unknown readable memory: 0x00007ffaf8116ba0 | a0 6b 11 f8 fa 7f 00 00
stack at sp + 4 slots: 0x0 is null
stack at sp + 5 slots: 0x00007ffb6d288b2c awt.dll
stack at sp + 6 slots: 0x000000006a010d60 is an unknown value
stack at sp + 7 slots: 0x0000019b9c46c670 points into unknown readable memory: 0x00007ffb6d2fe930 | 30 e9 2f 6d fb 7f 00 00

Lock stack of current Java thread (top to bottom):

native method entry point (kind = native)  [0x0000019b8fd0cec0, 0x0000019b8fd0dac0]  3072 bytes
[MachCode]
  0x0000019b8fd0cec0: 488b 4b08 | 0fb7 492e | 584c 8d74 | ccf8 6800 | 0000 0068 | 0000 0000 | 5055 488b | ec41 5548 
  0x0000019b8fd0cee0: 8b43 084c | 8d68 3848 | 8b40 0868 | 0000 0000 | 5348 8b50 | 1848 8b52 | 7048 8b12 | 5248 8b53 
  0x0000019b8fd0cf00: 1048 85d2 | 7407 4881 | c2d0 0000 | 0052 488b | 5010 5249 | 8bc6 482b | c548 c1e8 | 0350 6800 
  0x0000019b8fd0cf20: 0000 0068 | f7ff ffff | 41c6 87f1 | 0400 0001 | 488b 4310 | 4885 c074 | 208b 8890 | 0000 0083 
  0x0000019b8fd0cf40: c102 8988 | 9000 0000 | 2388 a400 | 0000 0f84 | b80a 0000 | e9cf 0000 | 0048 8b43 | 1848 85c0 
  0x0000019b8fd0cf60: 0f85 b000 | 0000 e805 | 0000 00e9 | 9900 0000 | 488b d348 | 8d44 2408 | 4c89 6dc0 | 498b cfc5 
  0x0000019b8fd0cf80: f877 4989 | af38 0400 | 0049 8987 | 2804 0000 | 4883 ec20 | 40f6 c40f | 0f84 1900 | 0000 4883 
  0x0000019b8fd0cfa0: ec08 48b8 | 4022 8af7 | fa7f 0000 | ffd0 4883 | c408 e90c | 0000 0048 | b840 228a | f7fa 7f00 
  0x0000019b8fd0cfc0: 00ff d048 | 83c4 2049 | c787 2804 | 0000 0000 | 0000 49c7 | 8738 0400 | 0000 0000 | 0049 c787 
  0x0000019b8fd0cfe0: 3004 0000 | 0000 0000 | c5f8 7749 | 837f 0800 | 0f84 0500 | 0000 e9e5 | 41ff ff4c | 8b6d c04c 
  0x0000019b8fd0d000: 8b75 c84e | 8d74 f500 | c348 8b43 | 1848 85c0 | 0f84 1200 | 0000 8b48 | 0883 c102 | 8948 0823 
  0x0000019b8fd0d020: 482c 0f84 | e409 0000 | 493b a770 | 0500 000f | 8748 0000 | 0089 8424 | 00f0 ffff | 8984 2400 
  0x0000019b8fd0d040: e0ff ff89 | 8424 00d0 | ffff 8984 | 2400 c0ff | ff89 8424 | 00b0 ffff | 8984 2400 | a0ff ff89 
  0x0000019b8fd0d060: 8424 0090 | ffff 8984 | 2400 80ff | ff49 3ba7 | 6805 0000 | 7607 4989 | a770 0500 | 0041 c687 
  0x0000019b8fd0d080: f104 0000 | 0048 8b5d | e84c 8b5b | 0845 0fb7 | 5b2e 41c1 | e303 492b | e348 83ec | 2048 83e4 
  0x0000019b8fd0d0a0: f04c 8b5b | 604d 85db | 0f85 ab00 | 0000 e805 | 0000 00e9 | 9900 0000 | 488b d348 | 8d44 2408 
  0x0000019b8fd0d0c0: 4c89 6dc0 | 498b cfc5 | f877 4989 | af38 0400 | 0049 8987 | 2804 0000 | 4883 ec20 | 40f6 c40f 
  0x0000019b8fd0d0e0: 0f84 1900 | 0000 4883 | ec08 48b8 | 704b 8af7 | fa7f 0000 | ffd0 4883 | c408 e90c | 0000 0048 
  0x0000019b8fd0d100: b870 4b8a | f7fa 7f00 | 00ff d048 | 83c4 2049 | c787 2804 | 0000 0000 | 0000 49c7 | 8738 0400 
  0x0000019b8fd0d120: 0000 0000 | 0049 c787 | 3004 0000 | 0000 0000 | c5f8 7749 | 837f 0800 | 0f84 0500 | 0000 e99d 
  0x0000019b8fd0d140: 40ff ff4c | 8b6d c04c | 8b75 c84e | 8d74 f500 | c348 8b5d | e84c 8b5b | 6041 ffd3 | 488b 5de8 
  0x0000019b8fd0d160: 4889 4518 | 440f b75b | 2c41 f6c3 | 080f 841b | 0000 004c | 8b5b 084d | 8b5b 084d | 8b5b 184d 
  0x0000019b8fd0d180: 8b5b 704d | 8b1b 4c89 | 5d10 488d | 5510 488b | 4358 49ba | 4015 c5f7 | fa7f 0000 | 493b c20f 
  0x0000019b8fd0d1a0: 85ab 0000 | 00e8 0500 | 0000 e999 | 0000 0048 | 8bd3 488d | 4424 084c | 896d c049 | 8bcf c5f8 
  0x0000019b8fd0d1c0: 7749 89af | 3804 0000 | 4989 8728 | 0400 0048 | 83ec 2040 | f6c4 0f0f | 8419 0000 | 0048 83ec 
  0x0000019b8fd0d1e0: 0848 b870 | 4b8a f7fa | 7f00 00ff | d048 83c4 | 08e9 0c00 | 0000 48b8 | 704b 8af7 | fa7f 0000 
  0x0000019b8fd0d200: ffd0 4883 | c420 49c7 | 8728 0400 | 0000 0000 | 0049 c787 | 3804 0000 | 0000 0000 | 49c7 8730 
  0x0000019b8fd0d220: 0400 0000 | 0000 00c5 | f877 4983 | 7f08 000f | 8405 0000 | 00e9 a63f | ffff 4c8b | 6dc0 4c8b 
  0x0000019b8fd0d240: 75c8 4e8d | 74f5 00c3 | 488b 5de8 | 488b 4358 | 498d 8f48 | 0400 004c | 8d15 d500 | 0000 4d89 
  0x0000019b8fd0d260: 9730 0400 | 00c5 f877 | 4989 af38 | 0400 0049 | 89a7 2804 | 0000 41c7 | 87d4 0400 | 0004 0000 
  0x0000019b8fd0d280: 0049 3ba7 | c805 0000 | 7607 4989 | a7c8 0500 | 00ff d049 | 3ba7 c805 | 0000 720b | 49c7 87c8 
  0x0000019b8fd0d2a0: 0500 0000 | 0000 00c5 | f877 4883 | ec10 c5fb | 1104 2448 | 83ec 1048 | 8904 2448 | c744 2408 
  0x0000019b8fd0d2c0: 0000 0000 | 41c7 87d4 | 0400 0005 | 0000 00f0 | 8344 24c0 | 0049 3b6f | 280f 870e | 0000 0041 
  0x0000019b8fd0d2e0: 83bf d004 | 0000 000f | 8420 0000 | 0049 8bcf | 4c8b e448 | 83ec 2048 | 83e4 f048 | b8a0 af8b 
  0x0000019b8fd0d300: f7fa 7f00 | 00ff d049 | 8be4 4d33 | e441 c787 | d404 0000 | 0800 0000 | 4d8b 97f0 | 0500 0049 
  0x0000019b8fd0d320: 83fa 0074 | 3549 c787 | f005 0000 | 0000 0000 | 41ff e249 | ba60 bed0 | 8f9b 0100 | 0041 ffd2 
  0x0000019b8fd0d340: 4883 ec10 | c5fb 1104 | 2448 83ec | 1048 8904 | 2448 c744 | 2408 0000 | 0000 49c7 | 8728 0400 
  0x0000019b8fd0d360: 0000 0000 | 0049 c787 | 3804 0000 | 0000 0000 | 49c7 8730 | 0400 0000 | 0000 00c5 | f877 4d8b 
  0x0000019b8fd0d380: 9fb8 0400 | 0041 c783 | 0001 0000 | 0000 0000 | 49bb 5aa7 | d08f 9b01 | 0000 4c3b | 5d18 0f85 
  0x0000019b8fd0d3a0: 5b02 0000 | 488b 0424 | 4883 c410 | 4885 c00f | 8435 0200 | 00a8 030f | 8508 0000 | 0048 8b00 
  0x0000019b8fd0d3c0: e925 0200 | 00a8 010f | 8509 0000 | 0048 8b40 | fee9 1402 | 0000 488b | 40ff 4180 | 7f48 000f 
  0x0000019b8fd0d3e0: 8405 0200 | 0048 83f8 | 000f 84fb | 0100 004d | 8b5f 384d | 85db 0f84 | 1400 0000 | 4983 eb08 
  0x0000019b8fd0d400: 4d89 5f38 | 4d03 5f40 | 4989 03e9 | da01 0000 | 4881 ecf0 | 0000 0048 | 8904 2448 | 894c 2408 
  0x0000019b8fd0d420: 4889 5424 | 104c 8944 | 2418 4c89 | 4c24 204c | 8954 2428 | 4c89 5c24 | 30c5 fb11 | 4424 40c5 
  0x0000019b8fd0d440: fb11 4c24 | 48c5 fb11 | 5424 50c5 | fb11 5c24 | 58c5 fb11 | 6424 60c5 | fb11 6c24 | 6862 e1ff 
  0x0000019b8fd0d460: 0811 4424 | 0e62 e1ff | 0811 4c24 | 0f62 e1ff | 0811 5424 | 1062 e1ff | 0811 5c24 | 1162 e1ff 
  0x0000019b8fd0d480: 0811 6424 | 1262 e1ff | 0811 6c24 | 1362 e1ff | 0811 7424 | 1462 e1ff | 0811 7c24 | 1562 61ff 
  0x0000019b8fd0d4a0: 0811 4424 | 1662 61ff | 0811 4c24 | 1762 61ff | 0811 5424 | 1862 61ff | 0811 5c24 | 1962 61ff 
  0x0000019b8fd0d4c0: 0811 6424 | 1a62 61ff | 0811 6c24 | 1b62 61ff | 0811 7424 | 1c62 61ff | 0811 7c24 | 1d49 8bd7 
  0x0000019b8fd0d4e0: 488b c848 | 83ec 2040 | f6c4 0f0f | 8419 0000 | 0048 83ec | 0848 b820 | 777e f7fa | 7f00 00ff 
  0x0000019b8fd0d500: d048 83c4 | 08e9 0c00 | 0000 48b8 | 2077 7ef7 | fa7f 0000 | ffd0 4883 | c420 6261 | ff08 107c 
  0x0000019b8fd0d520: 241d 6261 | ff08 1074 | 241c 6261 | ff08 106c | 241b 6261 | ff08 1064 | 241a 6261 | ff08 105c 
  0x0000019b8fd0d540: 2419 6261 | ff08 1054 | 2418 6261 | ff08 104c | 2417 6261 | ff08 1044 | 2416 62e1 | ff08 107c 
  0x0000019b8fd0d560: 2415 62e1 | ff08 1074 | 2414 62e1 | ff08 106c | 2413 62e1 | ff08 1064 | 2412 62e1 | ff08 105c 
  0x0000019b8fd0d580: 2411 62e1 | ff08 1054 | 2410 62e1 | ff08 104c | 240f 62e1 | ff08 1044 | 240e c5fb | 106c 2468 
  0x0000019b8fd0d5a0: c5fb 1064 | 2460 c5fb | 105c 2458 | c5fb 1054 | 2450 c5fb | 104c 2448 | c5fb 1044 | 2440 4c8b 
  0x0000019b8fd0d5c0: 5c24 304c | 8b54 2428 | 4c8b 4c24 | 204c 8b44 | 2418 488b | 5424 1048 | 8b4c 2408 | 488b 0424 
  0x0000019b8fd0d5e0: 4881 c4f0 | 0000 00c5 | f877 4889 | 4510 4883 | ec10 4889 | 0424 48c7 | 4424 0800 | 0000 0041 
  0x0000019b8fd0d600: 83bf 5005 | 0000 020f | 85bf 0000 | 0048 81ec | 8000 0000 | 4889 4424 | 7848 894c | 2470 4889 
  0x0000019b8fd0d620: 5424 6848 | 895c 2460 | 4889 6c24 | 5048 8974 | 2448 4889 | 7c24 404c | 8944 2438 | 4c89 4c24 
  0x0000019b8fd0d640: 304c 8954 | 2428 4c89 | 5c24 204c | 8964 2418 | 4c89 6c24 | 104c 8974 | 2408 4c89 | 3c24 4c8b 
  0x0000019b8fd0d660: e448 83ec | 2048 83e4 | f048 b8b0 | fcc4 f7fa | 7f00 00ff | d049 8be4 | 4c8b 3c24 | 4c8b 7424 
  0x0000019b8fd0d680: 084c 8b6c | 2410 4c8b | 6424 184c | 8b5c 2420 | 4c8b 5424 | 284c 8b4c | 2430 4c8b | 4424 3848 
  0x0000019b8fd0d6a0: 8b7c 2440 | 488b 7424 | 4848 8b6c | 2450 488b | 5c24 6048 | 8b54 2468 | 488b 4c24 | 7048 8b44 
  0x0000019b8fd0d6c0: 2478 4881 | c480 0000 | 004d 33e4 | 488b 5de8 | 4c8b 6b08 | 4d8d 6d38 | 4983 7f08 | 000f 84bb 
  0x0000019b8fd0d6e0: 0000 00e8 | 0500 0000 | e996 0000 | 0048 8d44 | 2408 4c89 | 6dc0 498b | cfc5 f877 | 4989 af38 
  0x0000019b8fd0d700: 0400 0049 | 8987 2804 | 0000 4883 | ec20 40f6 | c40f 0f84 | 1900 0000 | 4883 ec08 | 48b8 b069 
  0x0000019b8fd0d720: 8af7 fa7f | 0000 ffd0 | 4883 c408 | e90c 0000 | 0048 b8b0 | 698a f7fa | 7f00 00ff | d048 83c4 
  0x0000019b8fd0d740: 2049 c787 | 2804 0000 | 0000 0000 | 49c7 8738 | 0400 0000 | 0000 0049 | c787 3004 | 0000 0000 
  0x0000019b8fd0d760: 0000 c5f8 | 7749 837f | 0800 0f84 | 0500 0000 | e96b 3aff | ff4c 8b6d | c04c 8b75 | c84e 8d74 
  0x0000019b8fd0d780: f500 c348 | b968 08ee | f7fa 7f00 | 0048 83e4 | f048 b800 | 91b1 f7fa | 7f00 00ff | d0f4 440f 
  0x0000019b8fd0d7a0: b75b 2c41 | f6c3 200f | 8472 0100 | 0048 8d55 | a84c 8b5a | 084d 85db | 0f85 bb00 | 0000 e805 
  0x0000019b8fd0d7c0: 0000 00e9 | 9600 0000 | 488d 4424 | 084c 896d | c049 8bcf | c5f8 7749 | 89af 3804 | 0000 4989 
  0x0000019b8fd0d7e0: 8728 0400 | 0048 83ec | 2040 f6c4 | 0f0f 8419 | 0000 0048 | 83ec 0848 | b8e0 688a | f7fa 7f00 
  0x0000019b8fd0d800: 00ff d048 | 83c4 08e9 | 0c00 0000 | 48b8 e068 | 8af7 fa7f | 0000 ffd0 | 4883 c420 | 49c7 8728 
  0x0000019b8fd0d820: 0400 0000 | 0000 0049 | c787 3804 | 0000 0000 | 0000 49c7 | 8730 0400 | 0000 0000 | 00c5 f877 
  0x0000019b8fd0d840: 4983 7f08 | 000f 8405 | 0000 00e9 | 9039 ffff | 4c8b 6dc0 | 4c8b 75c8 | 4e8d 74f5 | 00c3 48b9 
  0x0000019b8fd0d860: 6808 eef7 | fa7f 0000 | 4883 e4f0 | 48b8 0091 | b1f7 fa7f | 0000 ffd0 | f44c 896d | c04c 8b4a 
  0x0000019b8fd0d880: 0848 c742 | 0800 0000 | 0045 8b87 | d806 0000 | 4f3b 4c07 | f80f 8542 | 0000 0041 | 83af d806 
  0x0000019b8fd0d8a0: 0000 084f | 3b4c 07f0 | 0f84 2a00 | 0000 498b | 01a8 020f | 8512 0000 | 004c 8bc0 | 4983 c801 
  0x0000019b8fd0d8c0: f04d 0fb1 | 010f 840d | 0000 0041 | 8387 d806 | 0000 08e9 | 0500 0000 | e93e 0000 | 004c 894a 
  0x0000019b8fd0d8e0: 0848 8bca | 4883 ec20 | 40f6 c40f | 0f84 1900 | 0000 4883 | ec08 48b8 | 303b 8af7 | fa7f 0000 
  0x0000019b8fd0d900: ffd0 4883 | c408 e90c | 0000 0048 | b830 3b8a | f7fa 7f00 | 00ff d048 | 83c4 204c | 8b6d c041 
  0x0000019b8fd0d920: c687 9603 | 0000 0149 | 3b6f 280f | 8705 0000 | 00e9 ab00 | 0000 4883 | ec10 c5fb | 1104 2448 
  0x0000019b8fd0d940: 83ec 1048 | 8904 2448 | c744 2408 | 0000 0000 | c5f8 7749 | 89af 3804 | 0000 49ba | 50d9 d08f 
  0x0000019b8fd0d960: 9b01 0000 | 4d89 9730 | 0400 0049 | 89a7 2804 | 0000 498b | cf48 83ec | 2040 f6c4 | 0f0f 8419 
  0x0000019b8fd0d980: 0000 0048 | 83ec 0848 | b8d0 218a | f7fa 7f00 | 00ff d048 | 83c4 08e9 | 0c00 0000 | 48b8 d021 
  0x0000019b8fd0d9a0: 8af7 fa7f | 0000 ffd0 | 4883 c420 | 49c7 8728 | 0400 0000 | 0000 0049 | c787 3804 | 0000 0000 
  0x0000019b8fd0d9c0: 0000 49c7 | 8730 0400 | 0000 0000 | 00c5 f877 | 488b 0424 | 4883 c410 | c5fb 1004 | 2448 83c4 
  0x0000019b8fd0d9e0: 1048 8b04 | 2448 83c4 | 10c5 fb10 | 0424 4883 | c410 4c8b | 5d18 41ff | d34c 8b5d | f8c9 41c6 
  0x0000019b8fd0da00: 8796 0300 | 0000 5f49 | 8be3 ffe7 | ba00 0000 | 00e8 0500 | 0000 e996 | 0000 0048 | 8d44 2408 
  0x0000019b8fd0da20: 4c89 6dc0 | 498b cfc5 | f877 4989 | af38 0400 | 0049 8987 | 2804 0000 | 4883 ec20 | 40f6 c40f 
  0x0000019b8fd0da40: 0f84 1900 | 0000 4883 | ec08 48b8 | 2031 8af7 | fa7f 0000 | ffd0 4883 | c408 e90c | 0000 0048 
  0x0000019b8fd0da60: b820 318a | f7fa 7f00 | 00ff d048 | 83c4 2049 | c787 2804 | 0000 0000 | 0000 49c7 | 8738 0400 
  0x0000019b8fd0da80: 0000 0000 | 0049 c787 | 3004 0000 | 0000 0000 | c5f8 7749 | 837f 0800 | 0f84 0500 | 0000 e93d 
  0x0000019b8fd0daa0: 37ff ff4c | 8b6d c04c | 8b75 c84e | 8d74 f500 | c348 8b5d | e8e9 6ef5 | ffff 660f | 1f44 0000 
[/MachCode]

---------------  P R O C E S S  ---------------

Threads class SMR info:
_java_thread_list=0x0000019b9c5a7d80, length=17, elements={
0x0000019bfd1e6a50, 0x0000019bfd1e7ed0, 0x0000019bfd1eaf70, 0x0000019bfd1ebdb0,
0x0000019bfd1f2e40, 0x0000019bfd201cb0, 0x0000019bfd2077d0, 0x0000019bfd20d400,
0x0000019b979b8360, 0x0000019b979c97e0, 0x0000019b979ca3b0, 0x0000019b979ee320,
0x0000019b979f17b0, 0x0000019b979f5e50, 0x0000019b9c48c360, 0x0000019bf7b2bab0,
0x0000019b9c5c5e90
}

Java Threads: ( => current thread )
  0x0000019bfd1e6a50 JavaThread "Reference Handler"          daemon [_thread_blocked, id=18648, stack(0x0000000271800000,0x0000000271900000) (1024K)]
  0x0000019bfd1e7ed0 JavaThread "Finalizer"                  daemon [_thread_blocked, id=13488, stack(0x0000000271900000,0x0000000271a00000) (1024K)]
  0x0000019bfd1eaf70 JavaThread "Signal Dispatcher"          daemon [_thread_blocked, id=23060, stack(0x0000000271a00000,0x0000000271b00000) (1024K)]
  0x0000019bfd1ebdb0 JavaThread "Attach Listener"            daemon [_thread_blocked, id=2504, stack(0x0000000271b00000,0x0000000271c00000) (1024K)]
  0x0000019bfd1f2e40 JavaThread "Service Thread"             daemon [_thread_blocked, id=11680, stack(0x0000000271c00000,0x0000000271d00000) (1024K)]
  0x0000019bfd201cb0 JavaThread "Monitor Deflation Thread"   daemon [_thread_blocked, id=8040, stack(0x0000000271d00000,0x0000000271e00000) (1024K)]
  0x0000019bfd2077d0 JavaThread "C2 CompilerThread0"         daemon [_thread_blocked, id=21092, stack(0x0000000271e00000,0x0000000271f00000) (1024K)]
  0x0000019bfd20d400 JavaThread "C1 CompilerThread0"         daemon [_thread_blocked, id=14672, stack(0x0000000271f00000,0x0000000272000000) (1024K)]
  0x0000019b979b8360 JavaThread "Common-Cleaner"             daemon [_thread_blocked, id=17756, stack(0x0000000272000000,0x0000000272100000) (1024K)]
  0x0000019b979c97e0 JavaThread "Monitor Ctrl-Break"         daemon [_thread_in_native, id=5852, stack(0x0000000272100000,0x0000000272200000) (1024K)]
  0x0000019b979ca3b0 JavaThread "Notification Thread"        daemon [_thread_blocked, id=22720, stack(0x0000000272200000,0x0000000272300000) (1024K)]
  0x0000019b979ee320 JavaThread "Java2D Disposer"            daemon [_thread_blocked, id=16476, stack(0x0000000272400000,0x0000000272500000) (1024K)]
  0x0000019b979f17b0 JavaThread "AWT-Shutdown"                      [_thread_blocked, id=18160, stack(0x0000000272500000,0x0000000272600000) (1024K)]
=>0x0000019b979f5e50 JavaThread "AWT-Windows"                daemon [_thread_in_native, id=14208, stack(0x0000000272600000,0x0000000272700000) (1024K)]
  0x0000019b9c48c360 JavaThread "AWT-EventQueue-0"                  [_thread_in_native, id=14608, stack(0x0000000272700000,0x0000000272800000) (1024K)]
  0x0000019bf7b2bab0 JavaThread "DestroyJavaVM"                     [_thread_blocked, id=25504, stack(0x0000000271000000,0x0000000271100000) (1024K)]
  0x0000019b9c5c5e90 JavaThread "TimerQueue"                 daemon [_thread_blocked, id=6932, stack(0x0000000272b00000,0x0000000272c00000) (1024K)]
Total: 17

Other Threads:
  0x0000019bfd1d4e60 VMThread "VM Thread"                           [id=18768, stack(0x0000000271700000,0x0000000271800000) (1024K)]
  0x0000019bfd1c5b90 WatcherThread "VM Periodic Task Thread"        [id=23628, stack(0x0000000271600000,0x0000000271700000) (1024K)]
  0x0000019bf7b81c90 WorkerThread "GC Thread#0"                     [id=19084, stack(0x0000000271100000,0x0000000271200000) (1024K)]
  0x0000019bf7b9a160 ConcurrentGCThread "G1 Main Marker"            [id=19652, stack(0x0000000271200000,0x0000000271300000) (1024K)]
  0x0000019bf7b9c410 WorkerThread "G1 Conc#0"                       [id=7484, stack(0x0000000271300000,0x0000000271400000) (1024K)]
  0x0000019bfd094170 ConcurrentGCThread "G1 Refine#0"               [id=5872, stack(0x0000000271400000,0x0000000271500000) (1024K)]
  0x0000019bfd094a30 ConcurrentGCThread "G1 Service"                [id=16120, stack(0x0000000271500000,0x0000000271600000) (1024K)]
Total: 7

Threads with active compile tasks:
Total: 0

VM state: not at safepoint (normal execution)

VM Mutex/Monitor currently owned by a thread: None

Heap address: 0x0000000084000000, size: 1984 MB, Compressed Oops mode: 32-bit

CDS archive(s) mapped at: [0x0000000025000000-0x0000000025dd0000-0x0000000025dd0000), size 14483456, SharedBaseAddress: 0x0000000025000000, ArchiveRelocationMode: 1.
Compressed class space mapped at: 0x0000000026000000-0x0000000066000000, reserved size: 1073741824
UseCompressedClassPointers 1, UseCompactObjectHeaders 0
Narrow klass pointer bits 32, Max shift 3
Narrow klass base: 0x0000000025000000, Narrow klass shift: 0
Encoding Range: [0x0000000025000000 - 0x0000000125000000), (4294967296 bytes)
Klass Range:    [0x0000000025010000 - 0x0000000066000000), (1090453504 bytes)
Klass ID Range:  [65536 - 1090519033) (1090453497)
Protection zone: [0x0000000025000000 - 0x0000000025010000), (65536 bytes)

GC Precious Log:
 CardTable entry size: 512
 Card Set container configuration: InlinePtr #cards 5 size 8 Array Of Cards #cards 10 size 36 Howl #buckets 4 coarsen threshold 1843 Howl Bitmap #cards 512 size 80 coarsen threshold 460 Card regions per heap region 1 cards per card region 2048
 CPUs: 8 total, 8 available
 Memory: 7934M
 Large Page Support: Disabled
 NUMA Support: Disabled
 Compressed Oops: Enabled (32-bit)
 Heap Region Size: 1M
 Heap Min Capacity: 8M
 Heap Initial Capacity: 124M
 Heap Max Capacity: 1984M
 Pre-touch: Disabled
 Parallel Workers: 8
 Concurrent Workers: 2
 Concurrent Refinement Workers: 8
 Periodic GC: Disabled

Heap:
 garbage-first heap   total reserved 2031616K, committed 129024K, used 16533K [0x0000000084000000, 0x0000000100000000)
  region size 1024K, 12 young (12288K), 0 survivors (0K)

Heap Regions: E=young(eden), S=young(survivor), O=old, HS=humongous(starts), HC=humongous(continues), CS=collection set, F=free, TAMS=top-at-mark-start, PB=parsable bottom
|   0|0x0000000084000000, 0x0000000084100000, 0x0000000084100000|100%|HS|  |TAMS 0x0000000084000000| PB 0x0000000084000000| Complete |  0
|   1|0x0000000084100000, 0x0000000084200000, 0x0000000084200000|100%|HC|  |TAMS 0x0000000084100000| PB 0x0000000084100000| Complete |  0
|   2|0x0000000084200000, 0x0000000084300000, 0x0000000084300000|100%|HC|  |TAMS 0x0000000084200000| PB 0x0000000084200000| Complete |  0
|   3|0x0000000084300000, 0x0000000084400000, 0x0000000084400000|100%|HC|  |TAMS 0x0000000084300000| PB 0x0000000084300000| Complete |  0
|   4|0x0000000084400000, 0x0000000084400000, 0x0000000084500000|  0%| F|  |TAMS 0x0000000084400000| PB 0x0000000084400000| Untracked |  0
|   5|0x0000000084500000, 0x0000000084500000, 0x0000000084600000|  0%| F|  |TAMS 0x0000000084500000| PB 0x0000000084500000| Untracked |  0
|   6|0x0000000084600000, 0x0000000084600000, 0x0000000084700000|  0%| F|  |TAMS 0x0000000084600000| PB 0x0000000084600000| Untracked |  0
|   7|0x0000000084700000, 0x0000000084700000, 0x0000000084800000|  0%| F|  |TAMS 0x0000000084700000| PB 0x0000000084700000| Untracked |  0
|   8|0x0000000084800000, 0x0000000084800000, 0x0000000084900000|  0%| F|  |TAMS 0x0000000084800000| PB 0x0000000084800000| Untracked |  0
|   9|0x0000000084900000, 0x0000000084900000, 0x0000000084a00000|  0%| F|  |TAMS 0x0000000084900000| PB 0x0000000084900000| Untracked |  0
|  10|0x0000000084a00000, 0x0000000084a00000, 0x0000000084b00000|  0%| F|  |TAMS 0x0000000084a00000| PB 0x0000000084a00000| Untracked |  0
|  11|0x0000000084b00000, 0x0000000084b00000, 0x0000000084c00000|  0%| F|  |TAMS 0x0000000084b00000| PB 0x0000000084b00000| Untracked |  0
|  12|0x0000000084c00000, 0x0000000084c00000, 0x0000000084d00000|  0%| F|  |TAMS 0x0000000084c00000| PB 0x0000000084c00000| Untracked |  0
|  13|0x0000000084d00000, 0x0000000084d00000, 0x0000000084e00000|  0%| F|  |TAMS 0x0000000084d00000| PB 0x0000000084d00000| Untracked |  0
|  14|0x0000000084e00000, 0x0000000084e00000, 0x0000000084f00000|  0%| F|  |TAMS 0x0000000084e00000| PB 0x0000000084e00000| Untracked |  0
|  15|0x0000000084f00000, 0x0000000084f00000, 0x0000000085000000|  0%| F|  |TAMS 0x0000000084f00000| PB 0x0000000084f00000| Untracked |  0
|  16|0x0000000085000000, 0x0000000085000000, 0x0000000085100000|  0%| F|  |TAMS 0x0000000085000000| PB 0x0000000085000000| Untracked |  0
|  17|0x0000000085100000, 0x0000000085100000, 0x0000000085200000|  0%| F|  |TAMS 0x0000000085100000| PB 0x0000000085100000| Untracked |  0
|  18|0x0000000085200000, 0x0000000085200000, 0x0000000085300000|  0%| F|  |TAMS 0x0000000085200000| PB 0x0000000085200000| Untracked |  0
|  19|0x0000000085300000, 0x0000000085300000, 0x0000000085400000|  0%| F|  |TAMS 0x0000000085300000| PB 0x0000000085300000| Untracked |  0
|  20|0x0000000085400000, 0x0000000085400000, 0x0000000085500000|  0%| F|  |TAMS 0x0000000085400000| PB 0x0000000085400000| Untracked |  0
|  21|0x0000000085500000, 0x0000000085500000, 0x0000000085600000|  0%| F|  |TAMS 0x0000000085500000| PB 0x0000000085500000| Untracked |  0
|  22|0x0000000085600000, 0x0000000085600000, 0x0000000085700000|  0%| F|  |TAMS 0x0000000085600000| PB 0x0000000085600000| Untracked |  0
|  23|0x0000000085700000, 0x0000000085700000, 0x0000000085800000|  0%| F|  |TAMS 0x0000000085700000| PB 0x0000000085700000| Untracked |  0
|  24|0x0000000085800000, 0x0000000085800000, 0x0000000085900000|  0%| F|  |TAMS 0x0000000085800000| PB 0x0000000085800000| Untracked |  0
|  25|0x0000000085900000, 0x0000000085900000, 0x0000000085a00000|  0%| F|  |TAMS 0x0000000085900000| PB 0x0000000085900000| Untracked |  0
|  26|0x0000000085a00000, 0x0000000085a00000, 0x0000000085b00000|  0%| F|  |TAMS 0x0000000085a00000| PB 0x0000000085a00000| Untracked |  0
|  27|0x0000000085b00000, 0x0000000085b00000, 0x0000000085c00000|  0%| F|  |TAMS 0x0000000085b00000| PB 0x0000000085b00000| Untracked |  0
|  28|0x0000000085c00000, 0x0000000085c00000, 0x0000000085d00000|  0%| F|  |TAMS 0x0000000085c00000| PB 0x0000000085c00000| Untracked |  0
|  29|0x0000000085d00000, 0x0000000085d00000, 0x0000000085e00000|  0%| F|  |TAMS 0x0000000085d00000| PB 0x0000000085d00000| Untracked |  0
|  30|0x0000000085e00000, 0x0000000085e00000, 0x0000000085f00000|  0%| F|  |TAMS 0x0000000085e00000| PB 0x0000000085e00000| Untracked |  0
|  31|0x0000000085f00000, 0x0000000085f00000, 0x0000000086000000|  0%| F|  |TAMS 0x0000000085f00000| PB 0x0000000085f00000| Untracked |  0
|  32|0x0000000086000000, 0x0000000086000000, 0x0000000086100000|  0%| F|  |TAMS 0x0000000086000000| PB 0x0000000086000000| Untracked |  0
|  33|0x0000000086100000, 0x0000000086100000, 0x0000000086200000|  0%| F|  |TAMS 0x0000000086100000| PB 0x0000000086100000| Untracked |  0
|  34|0x0000000086200000, 0x0000000086200000, 0x0000000086300000|  0%| F|  |TAMS 0x0000000086200000| PB 0x0000000086200000| Untracked |  0
|  35|0x0000000086300000, 0x0000000086300000, 0x0000000086400000|  0%| F|  |TAMS 0x0000000086300000| PB 0x0000000086300000| Untracked |  0
|  36|0x0000000086400000, 0x0000000086400000, 0x0000000086500000|  0%| F|  |TAMS 0x0000000086400000| PB 0x0000000086400000| Untracked |  0
|  37|0x0000000086500000, 0x0000000086500000, 0x0000000086600000|  0%| F|  |TAMS 0x0000000086500000| PB 0x0000000086500000| Untracked |  0
|  38|0x0000000086600000, 0x0000000086600000, 0x0000000086700000|  0%| F|  |TAMS 0x0000000086600000| PB 0x0000000086600000| Untracked |  0
|  39|0x0000000086700000, 0x0000000086700000, 0x0000000086800000|  0%| F|  |TAMS 0x0000000086700000| PB 0x0000000086700000| Untracked |  0
|  40|0x0000000086800000, 0x0000000086800000, 0x0000000086900000|  0%| F|  |TAMS 0x0000000086800000| PB 0x0000000086800000| Untracked |  0
|  41|0x0000000086900000, 0x0000000086900000, 0x0000000086a00000|  0%| F|  |TAMS 0x0000000086900000| PB 0x0000000086900000| Untracked |  0
|  42|0x0000000086a00000, 0x0000000086a00000, 0x0000000086b00000|  0%| F|  |TAMS 0x0000000086a00000| PB 0x0000000086a00000| Untracked |  0
|  43|0x0000000086b00000, 0x0000000086b00000, 0x0000000086c00000|  0%| F|  |TAMS 0x0000000086b00000| PB 0x0000000086b00000| Untracked |  0
|  44|0x0000000086c00000, 0x0000000086c00000, 0x0000000086d00000|  0%| F|  |TAMS 0x0000000086c00000| PB 0x0000000086c00000| Untracked |  0
|  45|0x0000000086d00000, 0x0000000086d00000, 0x0000000086e00000|  0%| F|  |TAMS 0x0000000086d00000| PB 0x0000000086d00000| Untracked |  0
|  46|0x0000000086e00000, 0x0000000086e00000, 0x0000000086f00000|  0%| F|  |TAMS 0x0000000086e00000| PB 0x0000000086e00000| Untracked |  0
|  47|0x0000000086f00000, 0x0000000086f00000, 0x0000000087000000|  0%| F|  |TAMS 0x0000000086f00000| PB 0x0000000086f00000| Untracked |  0
|  48|0x0000000087000000, 0x0000000087000000, 0x0000000087100000|  0%| F|  |TAMS 0x0000000087000000| PB 0x0000000087000000| Untracked |  0
|  49|0x0000000087100000, 0x0000000087100000, 0x0000000087200000|  0%| F|  |TAMS 0x0000000087100000| PB 0x0000000087100000| Untracked |  0
|  50|0x0000000087200000, 0x0000000087200000, 0x0000000087300000|  0%| F|  |TAMS 0x0000000087200000| PB 0x0000000087200000| Untracked |  0
|  51|0x0000000087300000, 0x0000000087300000, 0x0000000087400000|  0%| F|  |TAMS 0x0000000087300000| PB 0x0000000087300000| Untracked |  0
|  52|0x0000000087400000, 0x0000000087400000, 0x0000000087500000|  0%| F|  |TAMS 0x0000000087400000| PB 0x0000000087400000| Untracked |  0
|  53|0x0000000087500000, 0x0000000087500000, 0x0000000087600000|  0%| F|  |TAMS 0x0000000087500000| PB 0x0000000087500000| Untracked |  0
|  54|0x0000000087600000, 0x0000000087600000, 0x0000000087700000|  0%| F|  |TAMS 0x0000000087600000| PB 0x0000000087600000| Untracked |  0
|  55|0x0000000087700000, 0x0000000087700000, 0x0000000087800000|  0%| F|  |TAMS 0x0000000087700000| PB 0x0000000087700000| Untracked |  0
|  56|0x0000000087800000, 0x0000000087800000, 0x0000000087900000|  0%| F|  |TAMS 0x0000000087800000| PB 0x0000000087800000| Untracked |  0
|  57|0x0000000087900000, 0x0000000087900000, 0x0000000087a00000|  0%| F|  |TAMS 0x0000000087900000| PB 0x0000000087900000| Untracked |  0
|  58|0x0000000087a00000, 0x0000000087a00000, 0x0000000087b00000|  0%| F|  |TAMS 0x0000000087a00000| PB 0x0000000087a00000| Untracked |  0
|  59|0x0000000087b00000, 0x0000000087b00000, 0x0000000087c00000|  0%| F|  |TAMS 0x0000000087b00000| PB 0x0000000087b00000| Untracked |  0
|  60|0x0000000087c00000, 0x0000000087c00000, 0x0000000087d00000|  0%| F|  |TAMS 0x0000000087c00000| PB 0x0000000087c00000| Untracked |  0
|  61|0x0000000087d00000, 0x0000000087d00000, 0x0000000087e00000|  0%| F|  |TAMS 0x0000000087d00000| PB 0x0000000087d00000| Untracked |  0
|  62|0x0000000087e00000, 0x0000000087e00000, 0x0000000087f00000|  0%| F|  |TAMS 0x0000000087e00000| PB 0x0000000087e00000| Untracked |  0
|  63|0x0000000087f00000, 0x0000000087f00000, 0x0000000088000000|  0%| F|  |TAMS 0x0000000087f00000| PB 0x0000000087f00000| Untracked |  0
|  64|0x0000000088000000, 0x0000000088000000, 0x0000000088100000|  0%| F|  |TAMS 0x0000000088000000| PB 0x0000000088000000| Untracked |  0
|  65|0x0000000088100000, 0x0000000088100000, 0x0000000088200000|  0%| F|  |TAMS 0x0000000088100000| PB 0x0000000088100000| Untracked |  0
|  66|0x0000000088200000, 0x0000000088200000, 0x0000000088300000|  0%| F|  |TAMS 0x0000000088200000| PB 0x0000000088200000| Untracked |  0
|  67|0x0000000088300000, 0x0000000088300000, 0x0000000088400000|  0%| F|  |TAMS 0x0000000088300000| PB 0x0000000088300000| Untracked |  0
|  68|0x0000000088400000, 0x0000000088400000, 0x0000000088500000|  0%| F|  |TAMS 0x0000000088400000| PB 0x0000000088400000| Untracked |  0
|  69|0x0000000088500000, 0x0000000088500000, 0x0000000088600000|  0%| F|  |TAMS 0x0000000088500000| PB 0x0000000088500000| Untracked |  0
|  70|0x0000000088600000, 0x0000000088600000, 0x0000000088700000|  0%| F|  |TAMS 0x0000000088600000| PB 0x0000000088600000| Untracked |  0
|  71|0x0000000088700000, 0x0000000088700000, 0x0000000088800000|  0%| F|  |TAMS 0x0000000088700000| PB 0x0000000088700000| Untracked |  0
|  72|0x0000000088800000, 0x0000000088800000, 0x0000000088900000|  0%| F|  |TAMS 0x0000000088800000| PB 0x0000000088800000| Untracked |  0
|  73|0x0000000088900000, 0x0000000088900000, 0x0000000088a00000|  0%| F|  |TAMS 0x0000000088900000| PB 0x0000000088900000| Untracked |  0
|  74|0x0000000088a00000, 0x0000000088a00000, 0x0000000088b00000|  0%| F|  |TAMS 0x0000000088a00000| PB 0x0000000088a00000| Untracked |  0
|  75|0x0000000088b00000, 0x0000000088b00000, 0x0000000088c00000|  0%| F|  |TAMS 0x0000000088b00000| PB 0x0000000088b00000| Untracked |  0
|  76|0x0000000088c00000, 0x0000000088c00000, 0x0000000088d00000|  0%| F|  |TAMS 0x0000000088c00000| PB 0x0000000088c00000| Untracked |  0
|  77|0x0000000088d00000, 0x0000000088d00000, 0x0000000088e00000|  0%| F|  |TAMS 0x0000000088d00000| PB 0x0000000088d00000| Untracked |  0
|  78|0x0000000088e00000, 0x0000000088e00000, 0x0000000088f00000|  0%| F|  |TAMS 0x0000000088e00000| PB 0x0000000088e00000| Untracked |  0
|  79|0x0000000088f00000, 0x0000000088f00000, 0x0000000089000000|  0%| F|  |TAMS 0x0000000088f00000| PB 0x0000000088f00000| Untracked |  0
|  80|0x0000000089000000, 0x0000000089000000, 0x0000000089100000|  0%| F|  |TAMS 0x0000000089000000| PB 0x0000000089000000| Untracked |  0
|  81|0x0000000089100000, 0x0000000089100000, 0x0000000089200000|  0%| F|  |TAMS 0x0000000089100000| PB 0x0000000089100000| Untracked |  0
|  82|0x0000000089200000, 0x0000000089200000, 0x0000000089300000|  0%| F|  |TAMS 0x0000000089200000| PB 0x0000000089200000| Untracked |  0
|  83|0x0000000089300000, 0x0000000089300000, 0x0000000089400000|  0%| F|  |TAMS 0x0000000089300000| PB 0x0000000089300000| Untracked |  0
|  84|0x0000000089400000, 0x0000000089400000, 0x0000000089500000|  0%| F|  |TAMS 0x0000000089400000| PB 0x0000000089400000| Untracked |  0
|  85|0x0000000089500000, 0x0000000089500000, 0x0000000089600000|  0%| F|  |TAMS 0x0000000089500000| PB 0x0000000089500000| Untracked |  0
|  86|0x0000000089600000, 0x0000000089600000, 0x0000000089700000|  0%| F|  |TAMS 0x0000000089600000| PB 0x0000000089600000| Untracked |  0
|  87|0x0000000089700000, 0x0000000089700000, 0x0000000089800000|  0%| F|  |TAMS 0x0000000089700000| PB 0x0000000089700000| Untracked |  0
|  88|0x0000000089800000, 0x0000000089800000, 0x0000000089900000|  0%| F|  |TAMS 0x0000000089800000| PB 0x0000000089800000| Untracked |  0
|  89|0x0000000089900000, 0x0000000089900000, 0x0000000089a00000|  0%| F|  |TAMS 0x0000000089900000| PB 0x0000000089900000| Untracked |  0
|  90|0x0000000089a00000, 0x0000000089a00000, 0x0000000089b00000|  0%| F|  |TAMS 0x0000000089a00000| PB 0x0000000089a00000| Untracked |  0
|  91|0x0000000089b00000, 0x0000000089b00000, 0x0000000089c00000|  0%| F|  |TAMS 0x0000000089b00000| PB 0x0000000089b00000| Untracked |  0
|  92|0x0000000089c00000, 0x0000000089c00000, 0x0000000089d00000|  0%| F|  |TAMS 0x0000000089c00000| PB 0x0000000089c00000| Untracked |  0
|  93|0x0000000089d00000, 0x0000000089d00000, 0x0000000089e00000|  0%| F|  |TAMS 0x0000000089d00000| PB 0x0000000089d00000| Untracked |  0
|  94|0x0000000089e00000, 0x0000000089e00000, 0x0000000089f00000|  0%| F|  |TAMS 0x0000000089e00000| PB 0x0000000089e00000| Untracked |  0
|  95|0x0000000089f00000, 0x0000000089f00000, 0x000000008a000000|  0%| F|  |TAMS 0x0000000089f00000| PB 0x0000000089f00000| Untracked |  0
|  96|0x000000008a000000, 0x000000008a000000, 0x000000008a100000|  0%| F|  |TAMS 0x000000008a000000| PB 0x000000008a000000| Untracked |  0
|  97|0x000000008a100000, 0x000000008a100000, 0x000000008a200000|  0%| F|  |TAMS 0x000000008a100000| PB 0x000000008a100000| Untracked |  0
|  98|0x000000008a200000, 0x000000008a200000, 0x000000008a300000|  0%| F|  |TAMS 0x000000008a200000| PB 0x000000008a200000| Untracked |  0
|  99|0x000000008a300000, 0x000000008a300000, 0x000000008a400000|  0%| F|  |TAMS 0x000000008a300000| PB 0x000000008a300000| Untracked |  0
| 100|0x000000008a400000, 0x000000008a400000, 0x000000008a500000|  0%| F|  |TAMS 0x000000008a400000| PB 0x000000008a400000| Untracked |  0
| 101|0x000000008a500000, 0x000000008a500000, 0x000000008a600000|  0%| F|  |TAMS 0x000000008a500000| PB 0x000000008a500000| Untracked |  0
| 102|0x000000008a600000, 0x000000008a600000, 0x000000008a700000|  0%| F|  |TAMS 0x000000008a600000| PB 0x000000008a600000| Untracked |  0
| 103|0x000000008a700000, 0x000000008a700000, 0x000000008a800000|  0%| F|  |TAMS 0x000000008a700000| PB 0x000000008a700000| Untracked |  0
| 104|0x000000008a800000, 0x000000008a800000, 0x000000008a900000|  0%| F|  |TAMS 0x000000008a800000| PB 0x000000008a800000| Untracked |  0
| 105|0x000000008a900000, 0x000000008a900000, 0x000000008aa00000|  0%| F|  |TAMS 0x000000008a900000| PB 0x000000008a900000| Untracked |  0
| 106|0x000000008aa00000, 0x000000008aa00000, 0x000000008ab00000|  0%| F|  |TAMS 0x000000008aa00000| PB 0x000000008aa00000| Untracked |  0
| 107|0x000000008ab00000, 0x000000008ab00000, 0x000000008ac00000|  0%| F|  |TAMS 0x000000008ab00000| PB 0x000000008ab00000| Untracked |  0
| 108|0x000000008ac00000, 0x000000008ac00000, 0x000000008ad00000|  0%| F|  |TAMS 0x000000008ac00000| PB 0x000000008ac00000| Untracked |  0
| 109|0x000000008ad00000, 0x000000008ad00000, 0x000000008ae00000|  0%| F|  |TAMS 0x000000008ad00000| PB 0x000000008ad00000| Untracked |  0
| 110|0x000000008ae00000, 0x000000008ae00000, 0x000000008af00000|  0%| F|  |TAMS 0x000000008ae00000| PB 0x000000008ae00000| Untracked |  0
| 111|0x000000008af00000, 0x000000008af00000, 0x000000008b000000|  0%| F|  |TAMS 0x000000008af00000| PB 0x000000008af00000| Untracked |  0
| 112|0x000000008b000000, 0x000000008b100000, 0x000000008b100000|100%| E|  |TAMS 0x000000008b000000| PB 0x000000008b000000| Complete |  0
| 113|0x000000008b100000, 0x000000008b200000, 0x000000008b200000|100%| E|CS|TAMS 0x000000008b100000| PB 0x000000008b100000| Complete |  0
| 114|0x000000008b200000, 0x000000008b300000, 0x000000008b300000|100%| E|CS|TAMS 0x000000008b200000| PB 0x000000008b200000| Complete |  0
| 115|0x000000008b300000, 0x000000008b400000, 0x000000008b400000|100%| E|CS|TAMS 0x000000008b300000| PB 0x000000008b300000| Complete |  0
| 116|0x000000008b400000, 0x000000008b500000, 0x000000008b500000|100%| E|CS|TAMS 0x000000008b400000| PB 0x000000008b400000| Complete |  0
| 117|0x000000008b500000, 0x000000008b600000, 0x000000008b600000|100%| E|CS|TAMS 0x000000008b500000| PB 0x000000008b500000| Complete |  0
| 118|0x000000008b600000, 0x000000008b700000, 0x000000008b700000|100%| E|CS|TAMS 0x000000008b600000| PB 0x000000008b600000| Complete |  0
| 119|0x000000008b700000, 0x000000008b800000, 0x000000008b800000|100%| E|CS|TAMS 0x000000008b700000| PB 0x000000008b700000| Complete |  0
| 120|0x000000008b800000, 0x000000008b900000, 0x000000008b900000|100%| E|CS|TAMS 0x000000008b800000| PB 0x000000008b800000| Complete |  0
| 121|0x000000008b900000, 0x000000008ba00000, 0x000000008ba00000|100%| E|CS|TAMS 0x000000008b900000| PB 0x000000008b900000| Complete |  0
| 122|0x000000008ba00000, 0x000000008bb00000, 0x000000008bb00000|100%| E|CS|TAMS 0x000000008ba00000| PB 0x000000008ba00000| Complete |  0
| 123|0x000000008bb00000, 0x000000008bc00000, 0x000000008bc00000|100%| E|CS|TAMS 0x000000008bb00000| PB 0x000000008bb00000| Complete |  0
|1982|0x00000000ffe00000, 0x00000000fff00000, 0x00000000fff00000|100%| O|  |TAMS 0x00000000ffe00000| PB 0x00000000ffe00000| Untracked |  0
|1983|0x00000000fff00000, 0x00000000fff257b8, 0x0000000100000000| 14%| O|  |TAMS 0x00000000fff00000| PB 0x00000000fff00000| Untracked |  0

Card table byte_map: [0x0000019bf8b50000,0x0000019bf8f30000] _byte_map_base: 0x0000019bf8730000

Marking Bits: (CMBitMap*) 0x0000019bf7b82420
 Bits: [0x0000019bf8f30000, 0x0000019bfae30000)

Polling page: 0x0000019bf3c60000

Metaspace:
Metaspace        used 8550K, committed 8768K, reserved 1114112K
 class space     used 928K, committed 1024K, reserved 1048576K

Usage:
  Non-class:      7.44 MB used.
      Class:    928.57 KB used.
       Both:      8.35 MB used.

Virtual space:
  Non-class space:       64.00 MB reserved,       7.56 MB ( 12%) committed,  1 nodes.
      Class space:        1.00 GB reserved,       1.00 MB ( <1%) committed,  1 nodes.
             Both:        1.06 GB reserved,       8.56 MB ( <1%) committed. 

Chunk freelists:
   Non-Class:  8.46 MB
       Class:  15.04 MB
        Both:  23.50 MB

MaxMetaspaceSize: unlimited
CompressedClassSpaceSize: 1.00 GB
Initial GC threshold: 21.00 MB
Current GC threshold: 21.00 MB
CDS: on
 - commit_granule_bytes: 65536.
 - commit_granule_words: 8192.
 - virtual_space_node_default_size: 8388608.
 - enlarge_chunks_in_place: 1.
UseCompressedClassPointers 1, UseCompactObjectHeaders 0
Narrow klass pointer bits 32, Max shift 3
Narrow klass base: 0x0000000025000000, Narrow klass shift: 0
Encoding Range: [0x0000000025000000 - 0x0000000125000000), (4294967296 bytes)
Klass Range:    [0x0000000025010000 - 0x0000000066000000), (1090453504 bytes)
Klass ID Range:  [65536 - 1090519033) (1090453497)
Protection zone: [0x0000000025000000 - 0x0000000025010000), (65536 bytes)


Internal statistics:

num_allocs_failed_limit: 0.
num_arena_births: 106.
num_arena_deaths: 0.
num_vsnodes_births: 2.
num_vsnodes_deaths: 0.
num_space_committed: 137.
num_space_uncommitted: 0.
num_chunks_returned_to_freelist: 0.
num_chunks_taken_from_freelist: 137.
num_chunk_merges: 0.
num_chunk_splits: 83.
num_chunks_enlarged: 41.
num_inconsistent_stats: 0.

CodeHeap 'non-profiled nmethods': size=120064Kb used=296Kb max_used=296Kb free=119767Kb
 bounds [0x0000019b90290000, 0x0000019b90500000, 0x0000019b977d0000]
CodeHeap 'profiled nmethods': size=120000Kb used=1306Kb max_used=1306Kb free=118693Kb
 bounds [0x0000019b887d0000, 0x0000019b88a40000, 0x0000019b8fd00000]
CodeHeap 'non-nmethods': size=5696Kb used=1682Kb max_used=1696Kb free=4013Kb
 bounds [0x0000019b8fd00000, 0x0000019b8ff70000, 0x0000019b90290000]
CodeCache: size=245760Kb, used=3284Kb, max_used=3298Kb, free=242473Kb
 total_blobs=1760, nmethods=1106, adapters=558, full_count=0
Compilation: enabled, stopped_count=0, restarted_count=0

Compilation events (20 events):
Event: 38.774 Thread 0x0000019bfd20d400 1096       3       java.util.concurrent.locks.LockSupport::setCurrentBlocker (14 bytes)
Event: 38.774 Thread 0x0000019bfd20d400 nmethod 1096 0x0000019b88911c88 code [0x0000019b88911d80, 0x0000019b88912018]
Event: 38.774 Thread 0x0000019bfd20d400 1097       3       java.awt.Container::getMouseEventTarget (50 bytes)
Event: 38.774 Thread 0x0000019bfd20d400 nmethod 1097 0x0000019b88912088 code [0x0000019b88912180, 0x0000019b88912420]
Event: 38.774 Thread 0x0000019bfd20d400 1098   !   3       java.awt.Container::getMouseEventTargetImpl (255 bytes)
Event: 38.775 Thread 0x0000019bfd20d400 nmethod 1098 0x0000019b88912488 code [0x0000019b88912580, 0x0000019b889138a0]
Event: 38.782 Thread 0x0000019bfd20d400 1099       3       java.awt.Component::getCursor_NoClientCode (30 bytes)
Event: 38.783 Thread 0x0000019bfd20d400 nmethod 1099 0x0000019b88913908 code [0x0000019b88913a00, 0x0000019b88913e48]
Event: 38.948 Thread 0x0000019bfd20d400 1100       3       javax.swing.RepaintManager::getDelegate (14 bytes)
Event: 38.948 Thread 0x0000019bfd20d400 nmethod 1100 0x0000019b88913e88 code [0x0000019b88913f80, 0x0000019b889140f8]
Event: 38.948 Thread 0x0000019bfd20d400 1101       3       com.sun.java.swing.SwingUtilities3::getDelegateRepaintManager (73 bytes)
Event: 38.949 Thread 0x0000019bfd20d400 nmethod 1101 0x0000019b88914188 code [0x0000019b88914280, 0x0000019b88915150]
Event: 38.949 Thread 0x0000019bfd20d400 1102       3       java.awt.geom.AffineTransform::scale (285 bytes)
Event: 38.950 Thread 0x0000019bfd20d400 nmethod 1102 0x0000019b88915188 code [0x0000019b889152c0, 0x0000019b88915a78]
Event: 38.950 Thread 0x0000019bfd20d400 1103       3       sun.java2d.SunGraphics2D::transformShape (36 bytes)
Event: 38.950 Thread 0x0000019bfd20d400 nmethod 1103 0x0000019b88915a88 code [0x0000019b88915b80, 0x0000019b88915db0]
Event: 39.106 Thread 0x0000019bfd20d400 1104       3       sun.awt.SunToolkit::getSystemEventQueueImplPP (13 bytes)
Event: 39.106 Thread 0x0000019bfd20d400 nmethod 1104 0x0000019b88915e08 code [0x0000019b88915f00, 0x0000019b88916178]
Event: 39.106 Thread 0x0000019bfd20d400 1105       3       java.awt.Component::isValid (20 bytes)
Event: 39.107 Thread 0x0000019bfd20d400 nmethod 1105 0x0000019b88916188 code [0x0000019b88916280, 0x0000019b88916408]

GC Heap Usage History (0 events):
No events

Metaspace Usage History (0 events):
No events

Dll operation events (11 events):
Event: 0.112 Loaded shared library C:\Program Files\Java\jdk-25.0.2\bin\java.dll
Event: 0.202 Loaded shared library C:\Program Files\Java\jdk-25.0.2\bin\zip.dll
Event: 0.206 Loaded shared library C:\Program Files\Java\jdk-25.0.2\bin\instrument.dll
Event: 0.215 Loaded shared library C:\Program Files\Java\jdk-25.0.2\bin\net.dll
Event: 0.224 Loaded shared library C:\Program Files\Java\jdk-25.0.2\bin\nio.dll
Event: 0.230 Loaded shared library C:\Program Files\Java\jdk-25.0.2\bin\zip.dll
Event: 0.250 Loaded shared library C:\Program Files\Java\jdk-25.0.2\bin\jimage.dll
Event: 0.302 Loaded shared library C:\Program Files\Java\jdk-25.0.2\bin\awt.dll
Event: 0.317 Loaded shared library C:\Program Files\Java\jdk-25.0.2\bin\extnet.dll
Event: 0.623 Loaded shared library C:\Program Files\Java\jdk-25.0.2\bin\freetype.dll
Event: 0.649 Loaded shared library C:\Program Files\Java\jdk-25.0.2\bin\fontmanager.dll

Deoptimization events (12 events):
Event: 0.470 Thread 0x0000019bf7b2bab0 Uncommon trap: trap_request=0xffffff45 fr.pc=0x0000019b9029dc8c relative=0x000000000000060c
Event: 0.470 Thread 0x0000019bf7b2bab0 Uncommon trap: reason=unstable_if action=reinterpret pc=0x0000019b9029dc8c method=java.util.HashMap.putVal(ILjava/lang/Object;Ljava/lang/Object;ZZ)Ljava/lang/Object; @ 69 c2
Event: 0.470 Thread 0x0000019bf7b2bab0 DEOPT PACKING pc=0x0000019b9029dc8c sp=0x00000002710fdf50
Event: 0.470 Thread 0x0000019bf7b2bab0 DEOPT UNPACKING pc=0x0000019b8fe2f482 sp=0x00000002710fded0 mode 2
Event: 0.692 Thread 0x0000019bf7b2bab0 Uncommon trap: trap_request=0xffffff45 fr.pc=0x0000019b902bfd6c relative=0x00000000000004ec
Event: 0.692 Thread 0x0000019bf7b2bab0 Uncommon trap: reason=unstable_if action=reinterpret pc=0x0000019b902bfd6c method=java.lang.StringLatin1.replace([BCC)Ljava/lang/String; @ 19 c2
Event: 0.692 Thread 0x0000019bf7b2bab0 DEOPT PACKING pc=0x0000019b902bfd6c sp=0x00000002710fe720
Event: 0.692 Thread 0x0000019bf7b2bab0 DEOPT UNPACKING pc=0x0000019b8fe2f482 sp=0x00000002710fe6a0 mode 2
Event: 0.786 Thread 0x0000019b9c48c360 Uncommon trap: trap_request=0xffffff45 fr.pc=0x0000019b902c40bc relative=0x00000000000007bc
Event: 0.786 Thread 0x0000019b9c48c360 Uncommon trap: reason=unstable_if action=reinterpret pc=0x0000019b902c40bc method=java.util.HashMap.putVal(ILjava/lang/Object;Ljava/lang/Object;ZZ)Ljava/lang/Object; @ 181 c2
Event: 0.786 Thread 0x0000019b9c48c360 DEOPT PACKING pc=0x0000019b902c40bc sp=0x00000002727fd580
Event: 0.786 Thread 0x0000019b9c48c360 DEOPT UNPACKING pc=0x0000019b8fe2f482 sp=0x00000002727fd498 mode 2

Classes loaded (20 events):
Event: 0.866 Loading class java/util/concurrent/locks/AbstractQueuedSynchronizer$Node done
Event: 0.866 Loading class java/util/concurrent/locks/AbstractQueuedSynchronizer$ExclusiveNode done
Event: 0.866 Loading class java/util/concurrent/locks/AbstractQueuedSynchronizer$ConditionNode
Event: 0.866 Loading class java/util/concurrent/ForkJoinPool$ManagedBlocker
Event: 0.866 Loading class java/util/concurrent/ForkJoinPool$ManagedBlocker done
Event: 0.866 Loading class java/awt/TextComponent
Event: 0.866 Loading class java/util/concurrent/locks/AbstractQueuedSynchronizer$ConditionNode done
Event: 0.866 Loading class java/awt/TextComponent done
Event: 0.868 Loading class java/awt/Container$MouseEventTargetFilter
Event: 0.868 Loading class java/awt/Container$EventTargetFilter
Event: 0.868 Loading class java/awt/Container$EventTargetFilter done
Event: 0.868 Loading class java/awt/Container$MouseEventTargetFilter done
Event: 0.868 Loading class java/awt/event/AWTEventListenerProxy
Event: 0.868 Loading class java/awt/event/AWTEventListenerProxy done
Event: 0.868 Loading class java/awt/Toolkit$SelectiveAWTEventListener
Event: 0.868 Loading class java/awt/Toolkit$SelectiveAWTEventListener done
Event: 0.868 Loading class java/awt/Toolkit$ToolkitEventMulticaster
Event: 0.868 Loading class java/awt/Toolkit$ToolkitEventMulticaster done
Event: 0.868 Loading class java/awt/event/MouseWheelEvent
Event: 0.868 Loading class java/awt/event/MouseWheelEvent done

Classes unloaded (0 events):
No events

Classes redefined (0 events):
No events

Internal exceptions (20 events):
Event: 0.447 Thread 0x0000019bf7b2bab0 Exception <a 'java/lang/NoSuchMethodError'{0x000000008b71ee80}: 'long java.lang.invoke.DirectMethodHandle$Holder.invokeStaticInit(java.lang.Object, java.lang.Object)'> (0x000000008b71ee80) 
thrown [s\open\src\hotspot\share\interpreter\linkResolver.cpp, line 804]
Event: 0.448 Thread 0x0000019bf7b2bab0 Exception <a 'java/lang/NoSuchMethodError'{0x000000008b727730}: 'java.lang.Object java.lang.invoke.DirectMethodHandle$Holder.invokeStatic(java.lang.Object, long, java.lang.Object)'> (0x000000008b727730) 
thrown [s\open\src\hotspot\share\interpreter\linkResolver.cpp, line 804]
Event: 0.449 Thread 0x0000019bf7b2bab0 Exception <a 'java/lang/NoSuchMethodError'{0x000000008b72f880}: 'java.lang.Object java.lang.invoke.DirectMethodHandle$Holder.invokeStaticInit(java.lang.Object, long, java.lang.Object)'> (0x000000008b72f880) 
thrown [s\open\src\hotspot\share\interpreter\linkResolver.cpp, line 804]
Event: 0.449 Thread 0x0000019bf7b2bab0 Exception <a 'java/lang/NoSuchMethodError'{0x000000008b738090}: 'java.lang.Object java.lang.invoke.DirectMethodHandle$Holder.invokeStaticInit(java.lang.Object, long)'> (0x000000008b738090) 
thrown [s\open\src\hotspot\share\interpreter\linkResolver.cpp, line 804]
Event: 0.473 Thread 0x0000019bf7b2bab0 Exception <a 'java/lang/NoSuchMethodError'{0x000000008b765dc8}: 'void java.lang.invoke.DirectMethodHandle$Holder.invokeSpecial(java.lang.Object, java.lang.Object, java.lang.Object)'> (0x000000008b765dc8) 
thrown [s\open\src\hotspot\share\interpreter\linkResolver.cpp, line 804]
Event: 0.483 Thread 0x0000019bf7b2bab0 Exception <a 'java/lang/NoSuchMethodError'{0x000000008b6550a8}: 'java.lang.Object java.lang.invoke.DirectMethodHandle$Holder.newInvokeSpecial(java.lang.Object, java.lang.Object, java.lang.Object, java.lang.Object, java.lang.Object)'> (0x000000008b6550a8) 
thrown [s\open\src\hotspot\share\interpreter\linkResolver.cpp, line 804]
Event: 0.487 Thread 0x0000019bf7b2bab0 Exception <a 'java/lang/NoSuchMethodError'{0x000000008b6bdf60}: 'java.lang.Object java.lang.invoke.DirectMethodHandle$Holder.invokeStatic(java.lang.Object, int, java.lang.Object)'> (0x000000008b6bdf60) 
thrown [s\open\src\hotspot\share\interpreter\linkResolver.cpp, line 804]
Event: 0.508 Thread 0x0000019bf7b2bab0 Exception <a 'java/lang/ClassNotFoundException'{0x000000008b4eb700}: com/sun/swing/internal/plaf/metal/resources/spi/metalProvider> (0x000000008b4eb700) 
thrown [s\open\src\hotspot\share\classfile\systemDictionary.cpp, line 327]
Event: 0.510 Thread 0x0000019bf7b2bab0 Exception <a 'java/lang/ClassNotFoundException'{0x000000008b4ef170}: com/sun/swing/internal/plaf/basic/resources/spi/basicProvider> (0x000000008b4ef170) 
thrown [s\open\src\hotspot\share\classfile\systemDictionary.cpp, line 327]
Event: 0.522 Thread 0x0000019bf7b2bab0 Exception <a 'java/lang/NoSuchMethodError'{0x000000008b315120}: 'int java.lang.invoke.Invokers$Holder.invokeExact_MT(java.lang.Object, java.lang.Object)'> (0x000000008b315120) 
thrown [s\open\src\hotspot\share\interpreter\linkResolver.cpp, line 804]
Event: 0.578 Thread 0x0000019b979f5e50 Exception <a 'java/lang/NoSuchMethodError'{0x000000008b790678}: 'void java.lang.invoke.DirectMethodHandle$Holder.invokeVirtual(java.lang.Object, java.lang.Object)'> (0x000000008b790678) 
thrown [s\open\src\hotspot\share\interpreter\linkResolver.cpp, line 804]
Event: 0.596 Thread 0x0000019bf7b2bab0 Exception <a 'java/lang/NoSuchMethodError'{0x000000008b377340}: 'void java.lang.invoke.DirectMethodHandle$Holder.invokeStaticInit(java.lang.Object)'> (0x000000008b377340) 
thrown [s\open\src\hotspot\share\interpreter\linkResolver.cpp, line 804]
Event: 0.661 Thread 0x0000019bf7b2bab0 Exception <a 'java/lang/NoSuchMethodError'{0x000000008b22ced8}: 'long java.lang.invoke.DirectMethodHandle$Holder.invokeStaticInit(java.lang.Object, long, long, long, long)'> (0x000000008b22ced8) 
thrown [s\open\src\hotspot\share\interpreter\linkResolver.cpp, line 804]
Event: 0.661 Thread 0x0000019bf7b2bab0 Exception <a 'java/lang/NoSuchMethodError'{0x000000008b235938}: 'java.lang.Object java.lang.invoke.DirectMethodHandle$Holder.invokeInterface(java.lang.Object, java.lang.Object, long, long)'> (0x000000008b235938) 
thrown [s\open\src\hotspot\share\interpreter\linkResolver.cpp, line 804]
Event: 0.662 Thread 0x0000019bf7b2bab0 Exception <a 'java/lang/NoSuchMethodError'{0x000000008b24e2e0}: 'void java.lang.invoke.DirectMethodHandle$Holder.invokeStaticInit(java.lang.Object, java.lang.Object, long, java.lang.Object)'> (0x000000008b24e2e0) 
thrown [s\open\src\hotspot\share\interpreter\linkResolver.cpp, line 804]
Event: 0.662 Thread 0x0000019bf7b2bab0 Exception <a 'java/lang/NoSuchMethodError'{0x000000008b256f18}: 'long java.lang.invoke.DirectMethodHandle$Holder.invokeStatic(java.lang.Object, long, long)'> (0x000000008b256f18) 
thrown [s\open\src\hotspot\share\interpreter\linkResolver.cpp, line 804]
Event: 0.665 Thread 0x0000019bf7b2bab0 Exception <a 'java/lang/NoSuchMethodError'{0x000000008b279298}: 'java.lang.Object java.lang.invoke.DirectMethodHandle$Holder.newInvokeSpecial(java.lang.Object, int, java.lang.Object)'> (0x000000008b279298) 
thrown [s\open\src\hotspot\share\interpreter\linkResolver.cpp, line 804]
Event: 0.811 Thread 0x0000019b9c48c360 Exception <a 'java/lang/NoSuchMethodError'{0x000000008b3af500}: 'void java.lang.invoke.DelegatingMethodHandle$Holder.reinvoke_L(java.lang.Object, java.lang.Object, java.lang.Object, long, float)'> (0x000000008b3af500) 
thrown [s\open\src\hotspot\share\interpreter\linkResolver.cpp, line 804]
Event: 0.814 Thread 0x0000019b9c48c360 Exception <a 'java/lang/NoSuchMethodError'{0x000000008b3c7a10}: 'java.lang.Object java.lang.invoke.DirectMethodHandle$Holder.invokeStatic(java.lang.Object, java.lang.Object, java.lang.Object, java.lang.Object, long)'> (0x000000008b3c7a10) 
thrown [s\open\src\hotspot\share\interpreter\linkResolver.cpp, line 804]
Event: 0.816 Thread 0x0000019b9c48c360 Exception <a 'java/lang/NoSuchMethodError'{0x000000008b3e9d70}: 'float java.lang.invoke.DelegatingMethodHandle$Holder.reinvoke_L(java.lang.Object, java.lang.Object, java.lang.Object, long)'> (0x000000008b3e9d70) 
thrown [s\open\src\hotspot\share\interpreter\linkResolver.cpp, line 804]

VM Operations (2 events):
Event: 0.558 Executing non-safepoint VM operation: HandshakeAllThreads (Deoptimize)
Event: 0.558 Executing non-safepoint VM operation: HandshakeAllThreads (Deoptimize) done

Memory protections (0 events):
No events

Nmethod flushes (0 events):
No events

Events (19 events):
Event: 0.137 Thread 0x0000019bf7b2bab0 Thread added: 0x0000019bf7b2bab0
Event: 0.158 Thread 0x0000019bf7b2bab0 Thread added: 0x0000019bfd1e6a50
Event: 0.159 Thread 0x0000019bf7b2bab0 Thread added: 0x0000019bfd1e7ed0
Event: 0.160 Thread 0x0000019bf7b2bab0 Thread added: 0x0000019bfd1eaf70
Event: 0.160 Thread 0x0000019bf7b2bab0 Thread added: 0x0000019bfd1ebdb0
Event: 0.161 Thread 0x0000019bf7b2bab0 Thread added: 0x0000019bfd1f2e40
Event: 0.161 Thread 0x0000019bf7b2bab0 Thread added: 0x0000019bfd201cb0
Event: 0.162 Thread 0x0000019bf7b2bab0 Thread added: 0x0000019bfd2077d0
Event: 0.162 Thread 0x0000019bf7b2bab0 Thread added: 0x0000019bfd20d400
Event: 0.210 Thread 0x0000019bf7b2bab0 Thread added: 0x0000019b979b8360
Event: 0.237 Thread 0x0000019bf7b2bab0 Thread added: 0x0000019b979c97e0
Event: 0.237 Thread 0x0000019bf7b2bab0 Thread added: 0x0000019b979ca3b0
Event: 0.427 Thread 0x0000019bf7b2bab0 Thread added: 0x0000019b979ee320
Event: 0.428 Thread 0x0000019bf7b2bab0 Thread added: 0x0000019b979f17b0
Event: 0.429 Thread 0x0000019bf7b2bab0 Thread added: 0x0000019b979f5e50
Event: 0.577 Thread 0x0000019b979f5e50 Thread added: 0x0000019b9c48c360
Event: 0.754 Thread 0x0000019bf7b2bab0 Thread exited: 0x0000019bf7b2bab0
Event: 0.754 Thread 0x0000019bf7b2bab0 Thread added: 0x0000019bf7b2bab0
Event: 0.866 Thread 0x0000019b9c48c360 Thread added: 0x0000019b9c5c5e90


Dynamic libraries:
0x00007ff60f310000 - 0x00007ff60f320000 	C:\Program Files\Java\jdk-25.0.2\bin\java.exe
0x00007ffb8a9e0000 - 0x00007ffb8ac47000 	C:\Windows\SYSTEM32\ntdll.dll
0x00007ffb890e0000 - 0x00007ffb891a9000 	C:\Windows\System32\KERNEL32.DLL
0x00007ffb87430000 - 0x00007ffb87821000 	C:\Windows\System32\KERNELBASE.dll
0x00007ffb87a10000 - 0x00007ffb87b5b000 	C:\Windows\System32\ucrtbase.dll
0x00007ffb840b0000 - 0x00007ffb840c7000 	C:\Program Files\Java\jdk-25.0.2\bin\jli.dll
0x00007ffb818a0000 - 0x00007ffb818be000 	C:\Program Files\Java\jdk-25.0.2\bin\VCRUNTIME140.dll
0x00007ffb894d0000 - 0x00007ffb89695000 	C:\Windows\System32\USER32.dll
0x00007ffb65f60000 - 0x00007ffb661f3000 	C:\Windows\WinSxS\amd64_microsoft.windows.common-controls_6595b64144ccf1df_6.0.26100.8037_none_3e092faae333b53b\COMCTL32.dll
0x00007ffb872c0000 - 0x00007ffb872e7000 	C:\Windows\System32\win32u.dll
0x00007ffb8a3a0000 - 0x00007ffb8a449000 	C:\Windows\System32\msvcrt.dll
0x00007ffb892f0000 - 0x00007ffb8931b000 	C:\Windows\System32\GDI32.dll
0x00007ffb878e0000 - 0x00007ffb87a0b000 	C:\Windows\System32\gdi32full.dll
0x00007ffb87380000 - 0x00007ffb87423000 	C:\Windows\System32\msvcp_win.dll
0x00007ffb8a5b0000 - 0x00007ffb8a5e1000 	C:\Windows\System32\IMM32.DLL
0x00007ffb7bc60000 - 0x00007ffb7bdbe000 	C:\Windows\system32\tmumh\20019\AddOn\8.55.0.1409\TmUmEvt64.dll
0x00007ffb8a640000 - 0x00007ffb8a648000 	C:\Windows\System32\PSAPI.DLL
0x00007ffb891b0000 - 0x00007ffb8926b000 	C:\Windows\System32\ADVAPI32.dll
0x00007ffb896a0000 - 0x00007ffb89747000 	C:\Windows\System32\sechost.dll
0x00007ffb893b0000 - 0x00007ffb894c8000 	C:\Windows\System32\RPCRT4.dll
0x0000000069a60000 - 0x0000000069b87000 	C:\Windows\system32\tmumh\20019\TmMon\2.9.0.1243\tmmon64.dll
0x00007ffb5d740000 - 0x00007ffb5da7a000 	C:\Windows\System32\TmLWE\TmUmSnsr64\1.0.0.1158\TmUmSnsr64.dll
0x00007ffb85ee0000 - 0x00007ffb85efb000 	C:\Windows\SYSTEM32\kernel.appcore.dll
0x00007ffb81820000 - 0x00007ffb8182c000 	C:\Program Files\Java\jdk-25.0.2\bin\vcruntime140_1.dll
0x00007ffb7d6a0000 - 0x00007ffb7d72d000 	C:\Program Files\Java\jdk-25.0.2\bin\msvcp140.dll
0x00007ffaf7430000 - 0x00007ffaf828f000 	C:\Program Files\Java\jdk-25.0.2\bin\server\jvm.dll
0x00007ffb89810000 - 0x00007ffb89884000 	C:\Windows\System32\WS2_32.dll
0x00007ffb87120000 - 0x00007ffb8717e000 	C:\Windows\SYSTEM32\POWRPROF.dll
0x00007ffb7a5c0000 - 0x00007ffb7a5f5000 	C:\Windows\SYSTEM32\WINMM.dll
0x00007ffb7ceb0000 - 0x00007ffb7cebb000 	C:\Windows\SYSTEM32\VERSION.dll
0x00007ffb87100000 - 0x00007ffb87114000 	C:\Windows\SYSTEM32\UMPDC.dll
0x00007ffb80c70000 - 0x00007ffb80c7a000 	C:\Program Files\Java\jdk-25.0.2\bin\jimage.dll
0x00007ffb84ff0000 - 0x00007ffb85232000 	C:\Windows\SYSTEM32\DBGHELP.DLL
0x00007ffb8a010000 - 0x00007ffb8a392000 	C:\Windows\System32\combase.dll
0x00007ffb89d20000 - 0x00007ffb89df7000 	C:\Windows\System32\OLEAUT32.dll
0x00007ffb60350000 - 0x00007ffb6038b000 	C:\Windows\SYSTEM32\dbgcore.DLL
0x00007ffb87830000 - 0x00007ffb878d5000 	C:\Windows\System32\bcryptPrimitives.dll
0x00007ffb80bb0000 - 0x00007ffb80bc0000 	C:\Program Files\Java\jdk-25.0.2\bin\instrument.dll
0x00007ffb803b0000 - 0x00007ffb803cf000 	C:\Program Files\Java\jdk-25.0.2\bin\java.dll
0x00007ffb89e00000 - 0x00007ffb89f95000 	C:\Windows\System32\ole32.dll
0x0000019bf7bb0000 - 0x0000019bf830f000 	C:\Windows\System32\SHELL32.dll
0x00007ffb87ce0000 - 0x00007ffb87e4a000 	C:\Windows\System32\wintypes.dll
0x00007ffb87f10000 - 0x00007ffb88774000 	C:\Windows\System32\windows.storage.dll
0x00007ffb8a820000 - 0x00007ffb8a917000 	C:\Windows\System32\SHCORE.dll
0x00007ffb8a660000 - 0x00007ffb8a6c7000 	C:\Windows\System32\shlwapi.dll
0x00007ffb871e0000 - 0x00007ffb87209000 	C:\Windows\SYSTEM32\profapi.dll
0x00007ffb802f0000 - 0x00007ffb80307000 	C:\Program Files\Java\jdk-25.0.2\bin\zip.dll
0x00007ffb80310000 - 0x00007ffb80322000 	C:\Program Files\Java\jdk-25.0.2\bin\net.dll
0x00007ffb86560000 - 0x00007ffb865cb000 	C:\Windows\system32\mswsock.dll
0x00007ffb802d0000 - 0x00007ffb802e6000 	C:\Program Files\Java\jdk-25.0.2\bin\nio.dll
0x00007ffb6d1f0000 - 0x00007ffb6d374000 	C:\Program Files\Java\jdk-25.0.2\bin\awt.dll
0x00007ffb801e0000 - 0x00007ffb8027f000 	C:\Windows\SYSTEM32\apphelp.dll
0x00007ffb80b90000 - 0x00007ffb80b99000 	C:\Program Files\Java\jdk-25.0.2\bin\extnet.dll
0x00007ffb845b0000 - 0x00007ffb845de000 	C:\Windows\system32\DWMAPI.DLL
0x00007ffb84330000 - 0x00007ffb843da000 	C:\Windows\system32\uxtheme.dll
0x00007ffb7d300000 - 0x00007ffb7d40e000 	C:\Windows\system32\opengl32.dll
0x00007ffb81870000 - 0x00007ffb8189d000 	C:\Windows\SYSTEM32\GLU32.dll
0x00007ffb84620000 - 0x00007ffb84663000 	C:\Windows\SYSTEM32\dxcore.dll
0x00007ffb8a450000 - 0x00007ffb8a5ad000 	C:\Windows\System32\MSCTF.dll
0x00007ffb70350000 - 0x00007ffb703d7000 	C:\Program Files\Java\jdk-25.0.2\bin\freetype.dll
0x00007ffb6d470000 - 0x00007ffb6d55e000 	C:\Program Files\Java\jdk-25.0.2\bin\fontmanager.dll
0x00007ffb89750000 - 0x00007ffb897fe000 	C:\Windows\System32\clbcatq.dll
0x00007ffb7e280000 - 0x00007ffb7e4ad000 	C:\Windows\SYSTEM32\WindowsCodecs.dll
0x00007ffb84b30000 - 0x00007ffb84b45000 	C:\Windows\SYSTEM32\RpcRtRemote.dll
0x00007ffb7c910000 - 0x00007ffb7c96a000 	C:\Windows\system32\dataexchange.dll
0x00007ffb73ab0000 - 0x00007ffb73cf4000 	C:\Windows\system32\twinapi.appcore.dll
0x00007ffb67610000 - 0x00007ffb67758000 	C:\Windows\SYSTEM32\textinputframework.dll
0x00007ffb7f6e0000 - 0x00007ffb7f807000 	C:\Windows\SYSTEM32\CoreMessaging.dll
0x00007ffb7c0c0000 - 0x00007ffb7c3a2000 	C:\Windows\SYSTEM32\CoreUIComponents.dll
0x00007ffb86940000 - 0x00007ffb8694c000 	C:\Windows\SYSTEM32\CRYPTBASE.DLL

JVMTI agents:
C:\Program Files\JetBrains\IntelliJ IDEA 2025.3.2\lib\idea_rt.jar path:C:\Program Files\Java\jdk-25.0.2\bin\instrument.dll, loaded, initialized, instrumentlib options:54438

dbghelp: loaded successfully - version: 4.0.5 - missing functions: none
symbol engine: initialized successfully - sym options: 0x614 - pdb path: .;C:\Program Files\Java\jdk-25.0.2\bin;C:\Windows\SYSTEM32;C:\Windows\WinSxS\amd64_microsoft.windows.common-controls_6595b64144ccf1df_6.0.26100.8037_none_3e092faae333b53b;C:\Windows\system32\tmumh\20019\AddOn\8.55.0.1409;C:\Windows\system32\tmumh\20019\TmMon\2.9.0.1243;C:\Windows\System32\TmLWE\TmUmSnsr64\1.0.0.1158;C:\Program Files\Java\jdk-25.0.2\bin\server

VM Arguments:
jvm_args: -javaagent:C:\Program Files\JetBrains\IntelliJ IDEA 2025.3.2\lib\idea_rt.jar=54438 -Dfile.encoding=UTF-8 -Dsun.stdout.encoding=UTF-8 -Dsun.stderr.encoding=UTF-8 
java_command: Main
java_class_path (initial): C:\Users\24093317852\IdeaProjects\BioBack\atividade-cadastro-produtos\out\production\atividade-cadastro-produtos
Launcher Type: SUN_STANDARD

[Global flags]
     intx CICompilerCount                          = 4                                         {product} {ergonomic}
     uint ConcGCThreads                            = 2                                         {product} {ergonomic}
     uint G1ConcRefinementThreads                  = 8                                         {product} {ergonomic}
   size_t G1HeapRegionSize                         = 1048576                                   {product} {ergonomic}
   size_t InitialHeapSize                          = 130023424                                 {product} {ergonomic}
   size_t MarkStackSize                            = 4194304                                   {product} {ergonomic}
   size_t MarkStackSizeMax                         = 536870912                                 {product} {ergonomic}
   size_t MaxHeapSize                              = 2080374784                                {product} {ergonomic}
   size_t MaxNewSize                               = 1247805440                                {product} {ergonomic}
   size_t MinHeapDeltaBytes                        = 1048576                                   {product} {ergonomic}
   size_t MinHeapSize                              = 8388608                                   {product} {ergonomic}
    uintx NonNMethodCodeHeapSize                   = 5832704                                {pd product} {ergonomic}
    uintx NonProfiledCodeHeapSize                  = 122945536                              {pd product} {ergonomic}
    uintx ProfiledCodeHeapSize                     = 122880000                              {pd product} {ergonomic}
    uintx ReservedCodeCacheSize                    = 251658240                              {pd product} {ergonomic}
     bool SegmentedCodeCache                       = true                                      {product} {ergonomic}
   size_t SoftMaxHeapSize                          = 2080374784                             {manageable} {ergonomic}
     bool UseCompressedOops                        = true                           {product lp64_product} {ergonomic}
     bool UseG1GC                                  = true                                      {product} {ergonomic}
     bool UseLargePagesIndividualAllocation        = false                                  {pd product} {ergonomic}

Logging:
Log output configuration:
 #0: stdout all=warning uptime,level,tags foldmultilines=false
 #1: stderr all=off uptime,level,tags foldmultilines=false

Release file:
IMPLEMENTOR="Oracle Corporation" 
JAVA_RUNTIME_VERSION="25.0.2+10-LTS-69" 
JAVA_VERSION="25.0.2" 
JAVA_VERSION_DATE="2026-01-20" 
LIBC="default" 
MODULES="java.base java.compiler java.datatransfer java.xml java.prefs java.desktop java.instrument java.logging java.management java.security.sasl java.naming java.rmi java.management.rmi java.net.http java.scripting java.security.jgss java.transaction.xa java.sql java.sql.rowset java.xml.crypto java.se java.smartcardio jdk.accessibility jdk.internal.jvmstat jdk.attach jdk.charsets jdk.internal.opt jdk.zipfs jdk.compiler jdk.crypto.cryptoki jdk.crypto.ec jdk.crypto.mscapi jdk.dynalink jdk.internal.ed jdk.editpad jdk.internal.vm.ci jdk.graal.compiler jdk.graal.compiler.management jdk.hotspot.agent jdk.httpserver jdk.incubator.vector jdk.internal.le jdk.internal.md jdk.jartool jdk.javadoc jdk.jcmd jdk.management jdk.management.agent jdk.jconsole jdk.jdeps jdk.jdwp.agent jdk.jdi jdk.jfr jdk.jlink jdk.jpackage jdk.jshell jdk.jsobject jdk.jstatd jdk.localedata jdk.management.jfr jdk.naming.dns jdk.naming.rmi jdk.net jdk.nio.mapmode jdk.sctp jdk.security.auth jdk.security.jgss jdk.unsupported jdk.unsupported.desktop jdk.xml.dom" 
OS_ARCH="x86_64" 
OS_NAME="Windows" 
SOURCE=".:git:b75efb40c93a open:git:405a5699ebd0" 

Environment Variables:
PATH=C:\mingw64\bin;C:\Program Files\nodejs\;C:\Users\24093317852\AppData\Local\Microsoft\WindowsApps;C:\Users\24093317852\AppData\Local\Programs\Microsoft VS Code\bin;C:\Users\24093317852\AppData\Local\Programs\Git\cmd;C:\Users\24093317852\AppData\Local\JetBrains\Toolbox\scripts;
USERNAME=24093317852
OS=Windows_NT
PROCESSOR_IDENTIFIER=Intel64 Family 6 Model 140 Stepping 1, GenuineIntel
TMP=C:\Users\240933~1\AppData\Local\Temp
TEMP=C:\Users\240933~1\AppData\Local\Temp




Compilation memory statistics disabled.

Periodic native trim disabled

---------------  S Y S T E M  ---------------

OS:
 Windows 11 , 64 bit Build 26100 (10.0.26100.7920)
OS uptime: 4 days 0:55 hours
Hyper-V role detected

CPU: total 8 (initial active 8) (4 cores per cpu, 2 threads per core) family 6 model 140 stepping 1 microcode 0xbe, cx8, cmov, fxsr, ht, mmx, 3dnowpref, sse, sse2, sse3, ssse3, sse4.1, sse4.2, popcnt, lzcnt, tsc, tscinvbit, avx, avx2, aes, erms, clmul, bmi1, bmi2, adx, avx512f, avx512dq, avx512cd, avx512bw, avx512vl, sha, fma, vzeroupper, avx512_vpopcntdq, avx512_vpclmulqdq, avx512_vaes, avx512_vnni, clflush, clflushopt, clwb, avx512_vbmi2, avx512_vbmi, hv, rdtscp, rdpid, fsrm, gfni, avx512_bitalg, f16c, cet_ibt, cet_ss, avx512_ifma
Processor Information for processor 0
  Max Mhz: 1382, Current Mhz: 1382, Mhz Limit: 1382
Processor Information for processor 1
  Max Mhz: 1382, Current Mhz: 1382, Mhz Limit: 1382
Processor Information for processor 2
  Max Mhz: 1382, Current Mhz: 1184, Mhz Limit: 1382
Processor Information for processor 3
  Max Mhz: 1382, Current Mhz: 1382, Mhz Limit: 1382
Processor Information for processor 4
  Max Mhz: 1382, Current Mhz: 1184, Mhz Limit: 1382
Processor Information for processor 5
  Max Mhz: 1382, Current Mhz: 1184, Mhz Limit: 1382
Processor Information for processor 6
  Max Mhz: 1382, Current Mhz: 1382, Mhz Limit: 1382
Processor Information for processor 7
  Max Mhz: 1382, Current Mhz: 1184, Mhz Limit: 1382

Memory: 4k page, system-wide physical 7934M (849M free)
TotalPageFile size 18155M (AvailPageFile size 4242M)
current process WorkingSet (physical memory assigned to process): 88M, peak: 94M
current process commit charge ("private bytes"): 233M, peak: 237M

vm_info: Java HotSpot(TM) 64-Bit Server VM (25.0.2+10-LTS-69) for windows-amd64 JRE (25.0.2+10-LTS-69), built on 2025-12-18T11:36:35Z with MS VC++ 17.13 (VS2022)

END.
